<?xml version="1.0" encoding="UTF-8" ?>
<testsuite errors="0" failures="0" hostname="K12K" name="WordTest.UITest" skipped="0" tests="3" time="0.861" timestamp="2019-09-15T08:03:15">
  <properties>
    <property name="libs.spring-framework300.classpath" value="C:\incubating-netbeans-11.0-bin\netbeans\ide\modules\org-apache-commons-logging.jar;C:\incubating-netbeans-11.0-bin\netbeans\java\modules\ext\cglib-2.2.jar;C:\incubating-netbeans-11.0-bin\netbeans\java\modules\ext\spring-3.0\spring-aop-3.2.7.RELEASE.jar;C:\incubating-netbeans-11.0-bin\netbeans\java\modules\ext\spring-3.0\spring-aspects-3.2.7.RELEASE.jar;C:\incubating-netbeans-11.0-bin\netbeans\java\modules\ext\spring-3.0\spring-beans-3.2.7.RELEASE.jar;C:\incubating-netbeans-11.0-bin\netbeans\java\modules\ext\spring-3.0\spring-build-src-3.2.7.RELEASE.jar;C:\incubating-netbeans-11.0-bin\netbeans\java\modules\ext\spring-3.0\spring-context-3.2.7.RELEASE.jar;C:\incubating-netbeans-11.0-bin\netbeans\java\modules\ext\spring-3.0\spring-context-support-3.2.7.RELEASE.jar;C:\incubating-netbeans-11.0-bin\netbeans\java\modules\ext\spring-3.0\spring-core-3.2.7.RELEASE.jar;C:\incubating-netbeans-11.0-bin\netbeans\java\modules\ext\spring-3.0\spring-expression-3.2.7.RELEASE.jar;C:\incubating-netbeans-11.0-bin\netbeans\java\modules\ext\spring-3.0\spring-framework-bom-3.2.7.RELEASE.jar;C:\incubating-netbeans-11.0-bin\netbeans\java\modules\ext\spring-3.0\spring-instrument-3.2.7.RELEASE.jar;C:\incubating-netbeans-11.0-bin\netbeans\java\modules\ext\spring-3.0\spring-instrument-tomcat-3.2.7.RELEASE.jar;C:\incubating-netbeans-11.0-bin\netbeans\java\modules\ext\spring-3.0\spring-jdbc-3.2.7.RELEASE.jar;C:\incubating-netbeans-11.0-bin\netbeans\java\modules\ext\spring-3.0\spring-jms-3.2.7.RELEASE.jar;C:\incubating-netbeans-11.0-bin\netbeans\java\modules\ext\spring-3.0\spring-orm-3.2.7.RELEASE.jar;C:\incubating-netbeans-11.0-bin\netbeans\java\modules\ext\spring-3.0\spring-oxm-3.2.7.RELEASE.jar;C:\incubating-netbeans-11.0-bin\netbeans\java\modules\ext\spring-3.0\spring-struts-3.2.7.RELEASE.jar;C:\incubating-netbeans-11.0-bin\netbeans\java\modules\ext\spring-3.0\spring-test-3.2.7.RELEASE.jar;C:\incubating-netbeans-11.0-bin\netbeans\java\modules\ext\spring-3.0\spring-tx-3.2.7.RELEASE.jar;C:\incubating-netbeans-11.0-bin\netbeans\java\modules\ext\spring-3.0\spring-web-3.2.7.RELEASE.jar;C:\incubating-netbeans-11.0-bin\netbeans\java\modules\ext\spring-3.0\spring-webmvc-3.2.7.RELEASE.jar;C:\incubating-netbeans-11.0-bin\netbeans\java\modules\ext\spring-3.0\spring-webmvc-portlet-3.2.7.RELEASE.jar" />
    <property name="javac.test.classpath" value="D:\Shared\3Y2S\SPM\jfreechart-1.0.19\lib\hamcrest-core-1.3.jar:D:\Shared\3Y2S\SPM\jfreechart-1.0.19\lib\jcommon-1.0.23.jar:D:\Shared\3Y2S\SPM\jfreechart-1.0.19\lib\jfreechart-1.0.19-experimental.jar:D:\Shared\3Y2S\SPM\jfreechart-1.0.19\lib\jfreechart-1.0.19-swt.jar:D:\Shared\3Y2S\SPM\jfreechart-1.0.19\lib\jfreechart-1.0.19.jar:D:\Shared\3Y2S\SPM\jfreechart-1.0.19\lib\jfreesvg-2.0.jar:D:\Shared\3Y2S\SPM\jfreechart-1.0.19\lib\junit-4.11.jar:D:\Shared\3Y2S\SPM\jfreechart-1.0.19\lib\orsoncharts-1.4-eval-nofx.jar:D:\Shared\3Y2S\SPM\jfreechart-1.0.19\lib\orsonpdf-1.6-eval.jar:D:\Shared\3Y2S\SPM\jfreechart-1.0.19\lib\servlet.jar:D:\Shared\3Y2S\SPM\jfreechart-1.0.19\lib\swtgraphics2d.jar:D:\Shared\3Y2S\SPM\Lib\poi-bin-4.1.0-20190412\poi-4.1.0\activation-1.1.1.jar:D:\Shared\3Y2S\SPM\Lib\poi-bin-4.1.0-20190412\poi-4.1.0\commons-codec-1.12.jar:D:\Shared\3Y2S\SPM\Lib\poi-bin-4.1.0-20190412\poi-4.1.0\commons-collections4-4.3.jar:D:\Shared\3Y2S\SPM\Lib\poi-bin-4.1.0-20190412\poi-4.1.0\commons-compress-1.18.jar:D:\Shared\3Y2S\SPM\Lib\poi-bin-4.1.0-20190412\poi-4.1.0\commons-logging-1.2.jar:D:\Shared\3Y2S\SPM\Lib\poi-bin-4.1.0-20190412\poi-4.1.0\commons-math3-3.6.1.jar:D:\Shared\3Y2S\SPM\Lib\poi-bin-4.1.0-20190412\poi-4.1.0\curvesapi-1.06.jar:D:\Shared\3Y2S\SPM\Lib\poi-bin-4.1.0-20190412\poi-4.1.0\jaxb-api-2.3.0.jar:D:\Shared\3Y2S\SPM\Lib\poi-bin-4.1.0-20190412\poi-4.1.0\jaxb-core-2.3.0.1.jar:D:\Shared\3Y2S\SPM\Lib\poi-bin-4.1.0-20190412\poi-4.1.0\jaxb-impl-2.3.0.1.jar:D:\Shared\3Y2S\SPM\Lib\poi-bin-4.1.0-20190412\poi-4.1.0\junit-4.12.jar:D:\Shared\3Y2S\SPM\Lib\poi-bin-4.1.0-20190412\poi-4.1.0\log4j-1.2.17.jar:D:\Shared\3Y2S\SPM\Lib\poi-bin-4.1.0-20190412\poi-4.1.0\poi-4.1.0.jar:D:\Shared\3Y2S\SPM\Lib\poi-bin-4.1.0-20190412\poi-4.1.0\poi-examples-4.1.0.jar:D:\Shared\3Y2S\SPM\Lib\poi-bin-4.1.0-20190412\poi-4.1.0\poi-excelant-4.1.0.jar:D:\Shared\3Y2S\SPM\Lib\poi-bin-4.1.0-20190412\poi-4.1.0\poi-ooxml-4.1.0.jar:D:\Shared\3Y2S\SPM\Lib\poi-bin-4.1.0-20190412\poi-4.1.0\poi-ooxml-schemas-4.1.0.jar:D:\Shared\3Y2S\SPM\Lib\poi-bin-4.1.0-20190412\poi-4.1.0\poi-scratchpad-4.1.0.jar:D:\Shared\3Y2S\SPM\Lib\poi-bin-4.1.0-20190412\poi-4.1.0\xmlbeans-3.1.0.jar:D:\Shared\3Y2S\SPM\Lib\poi-bin-4.1.0-20190412\poi-4.1.0\lib\activation-1.1.1.jar:D:\Shared\3Y2S\SPM\Lib\poi-bin-4.1.0-20190412\poi-4.1.0\lib\commons-codec-1.12.jar:D:\Shared\3Y2S\SPM\Lib\poi-bin-4.1.0-20190412\poi-4.1.0\lib\commons-collections4-4.3.jar:D:\Shared\3Y2S\SPM\Lib\poi-bin-4.1.0-20190412\poi-4.1.0\lib\commons-compress-1.18.jar:D:\Shared\3Y2S\SPM\Lib\poi-bin-4.1.0-20190412\poi-4.1.0\lib\commons-logging-1.2.jar:D:\Shared\3Y2S\SPM\Lib\poi-bin-4.1.0-20190412\poi-4.1.0\lib\commons-math3-3.6.1.jar:D:\Shared\3Y2S\SPM\Lib\poi-bin-4.1.0-20190412\poi-4.1.0\lib\jaxb-api-2.3.0.jar:D:\Shared\3Y2S\SPM\Lib\poi-bin-4.1.0-20190412\poi-4.1.0\lib\jaxb-core-2.3.0.1.jar:D:\Shared\3Y2S\SPM\Lib\poi-bin-4.1.0-20190412\poi-4.1.0\lib\jaxb-impl-2.3.0.1.jar:D:\Shared\3Y2S\SPM\Lib\poi-bin-4.1.0-20190412\poi-4.1.0\lib\junit-4.12.jar:D:\Shared\3Y2S\SPM\Lib\poi-bin-4.1.0-20190412\poi-4.1.0\lib\log4j-1.2.17.jar:build/classes:C:\incubating-netbeans-11.0-bin\netbeans\platform\modules\ext\junit-4.12.jar:C:\incubating-netbeans-11.0-bin\netbeans\platform\modules\ext\hamcrest-core-1.3.jar" />
    <property name="java.specification.version" value="12" />
    <property name="jar.index.metainf" value="false" />
    <property name="libs.spring-webmvc4.0.javadoc" value="" />
    <property name="libs.spring-framework400.classpath" value="C:\incubating-netbeans-11.0-bin\netbeans\ide\modules\org-apache-commons-logging.jar;C:\incubating-netbeans-11.0-bin\netbeans\java\modules\ext\cglib-2.2.jar;C:\incubating-netbeans-11.0-bin\netbeans\java\modules\ext\spring-4\spring-aop-4.0.1.RELEASE.jar;C:\incubating-netbeans-11.0-bin\netbeans\java\modules\ext\spring-4\spring-aspects-4.0.1.RELEASE.jar;C:\incubating-netbeans-11.0-bin\netbeans\java\modules\ext\spring-4\spring-beans-4.0.1.RELEASE.jar;C:\incubating-netbeans-11.0-bin\netbeans\java\modules\ext\spring-4\spring-build-src-4.0.1.RELEASE.jar;C:\incubating-netbeans-11.0-bin\netbeans\java\modules\ext\spring-4\spring-context-4.0.1.RELEASE.jar;C:\incubating-netbeans-11.0-bin\netbeans\java\modules\ext\spring-4\spring-context-support-4.0.1.RELEASE.jar;C:\incubating-netbeans-11.0-bin\netbeans\java\modules\ext\spring-4\spring-core-4.0.1.RELEASE.jar;C:\incubating-netbeans-11.0-bin\netbeans\java\modules\ext\spring-4\spring-expression-4.0.1.RELEASE.jar;C:\incubating-netbeans-11.0-bin\netbeans\java\modules\ext\spring-4\spring-framework-bom-4.0.1.RELEASE.jar;C:\incubating-netbeans-11.0-bin\netbeans\java\modules\ext\spring-4\spring-instrument-4.0.1.RELEASE.jar;C:\incubating-netbeans-11.0-bin\netbeans\java\modules\ext\spring-4\spring-instrument-tomcat-4.0.1.RELEASE.jar;C:\incubating-netbeans-11.0-bin\netbeans\java\modules\ext\spring-4\spring-jdbc-4.0.1.RELEASE.jar;C:\incubating-netbeans-11.0-bin\netbeans\java\modules\ext\spring-4\spring-jms-4.0.1.RELEASE.jar;C:\incubating-netbeans-11.0-bin\netbeans\java\modules\ext\spring-4\spring-messaging-4.0.1.RELEASE.jar;C:\incubating-netbeans-11.0-bin\netbeans\java\modules\ext\spring-4\spring-orm-4.0.1.RELEASE.jar;C:\incubating-netbeans-11.0-bin\netbeans\java\modules\ext\spring-4\spring-oxm-4.0.1.RELEASE.jar;C:\incubating-netbeans-11.0-bin\netbeans\java\modules\ext\spring-4\spring-test-4.0.1.RELEASE.jar;C:\incubating-netbeans-11.0-bin\netbeans\java\modules\ext\spring-4\spring-tx-4.0.1.RELEASE.jar;C:\incubating-netbeans-11.0-bin\netbeans\java\modules\ext\spring-4\spring-web-4.0.1.RELEASE.jar;C:\incubating-netbeans-11.0-bin\netbeans\java\modules\ext\spring-4\spring-webmvc-4.0.1.RELEASE.jar;C:\incubating-netbeans-11.0-bin\netbeans\java\modules\ext\spring-4\spring-webmvc-portlet-4.0.1.RELEASE.jar;C:\incubating-netbeans-11.0-bin\netbeans\java\modules\ext\spring-4\spring-websocket-4.0.1.RELEASE.jar" />
    <property name="test.binaryincludes" value="&lt;nothing&gt;" />
    <property name="do.jlink" value="false" />
    <property name="debug-transport" value="dt_shmem" />
    <property name="java.vendor.url" value="https://java.oracle.com/" />
    <property name="debug.modulepath" value="" />
    <property name="libs.jsp-compilation.src" value="" />
    <property name="libs.eclipselink.javadoc" value="" />
    <property name="libs.JWSAntTasks.javadoc" value="" />
    <property name="sun.boot.library.path" value="C:\JDK11\bin" />
    <property name="file.reference.log4j-1.2.17.jar" value="D:\Shared\3Y2S\SPM\Lib\poi-bin-4.1.0-20190412\poi-4.1.0\log4j-1.2.17.jar" />
    <property name="sun.java.command" value="org.apache.tools.ant.taskdefs.optional.junit.JUnitTestRunner WordTest.UITest skipNonTests=false filtertrace=true haltOnError=false haltOnFailure=false showoutput=true outputtoformatters=true logfailedtests=true threadid=0 logtestlistenerevents=true formatter=org.apache.tools.ant.taskdefs.optional.junit.BriefJUnitResultFormatter formatter=org.apache.tools.ant.taskdefs.optional.junit.XMLJUnitResultFormatter,D:\Shared\3Y2S\SPM\15thFinalEval\NEW\SPM_2\build\test\results\TEST-WordTest.UITest.xml crashfile=D:\Shared\3Y2S\SPM\15thFinalEval\NEW\SPM_2\build\junitvmwatcher10703261311862100962.properties propsfile=D:\Shared\3Y2S\SPM\15thFinalEval\NEW\SPM_2\build\junit16969833465012162736.properties" />
    <property name="jdk.debug" value="release" />
    <property name="libs.spring-framework300.src" value="" />
    <property name="javadoc.use" value="true" />
    <property name="libs.javac-api.maven-pom" value="" />
    <property name="javadoc.notree" value="false" />
    <property name="file.reference.commons-math3-3.6.1.jar" value="D:\Shared\3Y2S\SPM\Lib\poi-bin-4.1.0-20190412\poi-4.1.0\commons-math3-3.6.1.jar" />
    <property name="basedir" value="D:\Shared\3Y2S\SPM\15thFinalEval\NEW\SPM_2" />
    <property name="file.reference.orsonpdf-1.6-eval.jar" value="D:\Shared\3Y2S\SPM\jfreechart-1.0.19\lib\orsonpdf-1.6-eval.jar" />
    <property name="application.vendor" value="Himashi" />
    <property name="java.vm.specification.vendor" value="Oracle Corporation" />
    <property name="java.specification.name" value="Java Platform API Specification" />
    <property name="libs.javac-api.javadoc" value="" />
    <property name="libs.jsf20.classpath" value="C:\incubating-netbeans-11.0-bin\netbeans\enterprise\modules\ext\jsf-2_2\javax.faces.jar" />
    <property name="netbeans.extbrowser.manual_chrome_plugin_install" value="yes" />
    <property name="netbeans.default_userdir_root" value="C:\Users\KHN\AppData\Roaming\NetBeans" />
    <property name="libs.jsp-compilation-syscp.src" value="" />
    <property name="jdk.home" value="C:\JDK11" />
    <property name="java.runtime.version" value="12.0.2+10" />
    <property name="file.reference.poi-ooxml-schemas-4.1.0.jar" value="D:\Shared\3Y2S\SPM\Lib\poi-bin-4.1.0-20190412\poi-4.1.0\poi-ooxml-schemas-4.1.0.jar" />
    <property name="libs.eclipselink.maven-pom" value="" />
    <property name="libs.metro.maven-pom" value="" />
    <property name="libs.JAXB-ENDORSED.javadoc" value="" />
    <property name="sun.java2d.noddraw" value="true" />
    <property name="guice.disable.misplaced.annotation.check" value="true" />
    <property name="sun.zip.disableMemoryMapping" value="true" />
    <property name="libs.maven-dependencies.maven-pom" value="" />
    <property name="libs.jsp-compilation.javadoc" value="" />
    <property name="libs.primefaces.javadoc" value="" />
    <property name="libs.jsf12.src" value="" />
    <property name="file.reference.jfreechart-1.0.19-experimental.jar" value="D:\Shared\3Y2S\SPM\jfreechart-1.0.19\lib\jfreechart-1.0.19-experimental.jar" />
    <property name="libs.groovy-all.maven-pom" value="" />
    <property name="file.reference.commons-math3-3.6.1.jar-1" value="D:\Shared\3Y2S\SPM\Lib\poi-bin-4.1.0-20190412\poi-4.1.0\lib\commons-math3-3.6.1.jar" />
    <property name="libs.restapi.src" value="" />
    <property name="libs.junit_5.javadoc" value="C:\incubating-netbeans-11.0-bin\netbeans\platform\docs\junit-jupiter-api-5.3.1-javadoc.jar;C:\incubating-netbeans-11.0-bin\netbeans\platform\docs\junit-jupiter-params-5.3.1-javadoc.jar;C:\incubating-netbeans-11.0-bin\netbeans\platform\docs\junit-jupiter-engine-5.3.1-javadoc.jar" />
    <property name="java.io.tmpdir" value="C:\Users\KHN\AppData\Local\Temp\" />
    <property name="java.version" value="12.0.2" />
    <property name="file.reference.log4j-1.2.17.jar-1" value="D:\Shared\3Y2S\SPM\Lib\poi-bin-4.1.0-20190412\poi-4.1.0\lib\log4j-1.2.17.jar" />
    <property name="file.reference.jaxb-api-2.3.0.jar-1" value="D:\Shared\3Y2S\SPM\Lib\poi-bin-4.1.0-20190412\poi-4.1.0\lib\jaxb-api-2.3.0.jar" />
    <property name="java.vm.specification.name" value="Java Virtual Machine Specification" />
    <property name="file.reference.commons-compress-1.18.jar-1" value="D:\Shared\3Y2S\SPM\Lib\poi-bin-4.1.0-20190412\poi-4.1.0\lib\commons-compress-1.18.jar" />
    <property name="file.reference.commons-collections4-4.3.jar-1" value="D:\Shared\3Y2S\SPM\Lib\poi-bin-4.1.0-20190412\poi-4.1.0\lib\commons-collections4-4.3.jar" />
    <property name="libs.hamcrest.src" value="" />
    <property name="java.library.path" value="C:\JDK11\bin;C:\WINDOWS\Sun\Java\bin;C:\WINDOWS\system32;C:\WINDOWS;C:\app\KHN\product\18.0.0\dbhomeXE\bin;C:\JDK11\bin;C:\ProgramData\Oracle\Java\javapath;C:\WINDOWS\system32;C:\WINDOWS;C:\WINDOWS\System32\Wbem;C:\WINDOWS\System32\WindowsPowerShell\v1.0\;C:\Program Files (x86)\Common Files\lenovo\easyplussdk\bin;C:\WINDOWS\system32\config\systemprofile\.dnx\bin;C:\Program Files\Microsoft DNX\Dnvm\;C:\Program Files\Microsoft SQL Server\130\Tools\Binn\;C:\Program Files (x86)\Windows Kits\8.1\Windows Performance Toolkit\;C:\Program Files\Microsoft SQL Server\Client SDK\ODBC\110\Tools\Binn\;C:\Program Files (x86)\Microsoft SQL Server\120\Tools\Binn\ManagementStudio\;C:\Program Files (x86)\Microsoft SQL Server\120\Tools\Binn\;C:\Program Files\Microsoft SQL Server\120\Tools\Binn\;C:\Program Files (x86)\Microsoft SQL Server\120\DTS\Binn\;C:\Program Files\Microsoft SQL Server\120\DTS\Binn\;C:\WINDOWS\System32\OpenSSH\;C:\Program Files\Intel\WiFi\bin\;C:\Program Files\Common Files\Intel\WirelessCommon\;C:\JDK11\bin;C:\Program Files\apache-maven-3.6.0-bin\apache-maven-3.6.0\bin;C:\Program Files\nodejs\;C:\Program Files\Git\cmd;C:\Program Files\MongoDB\Server\4.0\bin;C:\Users\Himashi\AppData\Roaming\npm;C:\sonar-scanner-cli-4.0.0.1744-windows\sonar-scanner-4.0.0.1744-windows\bin;C:\gradle-5.5.1-all\gradle-5.5.1\bin;C:\Users\KHN\AppData\Local\Microsoft\WindowsApps;C:\Users\KHN\AppData\Roaming\npm;C:\Users\KHN\AppData\Local\Programs\Microsoft VS Code\bin;;." />
    <property name="java.vendor" value="Oracle Corporation" />
    <property name="libs.testng.javadoc" value="C:\incubating-netbeans-11.0-bin\netbeans\platform\docs\testng-6.8.1-javadoc.zip" />
    <property name="libs.groovy-all.src" value="" />
    <property name="meta.inf.dir" value="src/META-INF" />
    <property name="run.upgrademodulepath" value="" />
    <property name="compile.on.save" value="true" />
    <property name="libs.testng.maven-pom" value="" />
    <property name="org.openide.version" value="deprecated" />
    <property name="file.reference.jaxb-impl-2.3.0.1.jar" value="D:\Shared\3Y2S\SPM\Lib\poi-bin-4.1.0-20190412\poi-4.1.0\jaxb-impl-2.3.0.1.jar" />
    <property name="test.includes" value="WordTest/UITest.java" />
    <property name="libs.JAVADB_DRIVER_LABEL.src" value="" />
    <property name="run.classpath" value="D:\Shared\3Y2S\SPM\jfreechart-1.0.19\lib\hamcrest-core-1.3.jar:D:\Shared\3Y2S\SPM\jfreechart-1.0.19\lib\jcommon-1.0.23.jar:D:\Shared\3Y2S\SPM\jfreechart-1.0.19\lib\jfreechart-1.0.19-experimental.jar:D:\Shared\3Y2S\SPM\jfreechart-1.0.19\lib\jfreechart-1.0.19-swt.jar:D:\Shared\3Y2S\SPM\jfreechart-1.0.19\lib\jfreechart-1.0.19.jar:D:\Shared\3Y2S\SPM\jfreechart-1.0.19\lib\jfreesvg-2.0.jar:D:\Shared\3Y2S\SPM\jfreechart-1.0.19\lib\junit-4.11.jar:D:\Shared\3Y2S\SPM\jfreechart-1.0.19\lib\orsoncharts-1.4-eval-nofx.jar:D:\Shared\3Y2S\SPM\jfreechart-1.0.19\lib\orsonpdf-1.6-eval.jar:D:\Shared\3Y2S\SPM\jfreechart-1.0.19\lib\servlet.jar:D:\Shared\3Y2S\SPM\jfreechart-1.0.19\lib\swtgraphics2d.jar:D:\Shared\3Y2S\SPM\Lib\poi-bin-4.1.0-20190412\poi-4.1.0\activation-1.1.1.jar:D:\Shared\3Y2S\SPM\Lib\poi-bin-4.1.0-20190412\poi-4.1.0\commons-codec-1.12.jar:D:\Shared\3Y2S\SPM\Lib\poi-bin-4.1.0-20190412\poi-4.1.0\commons-collections4-4.3.jar:D:\Shared\3Y2S\SPM\Lib\poi-bin-4.1.0-20190412\poi-4.1.0\commons-compress-1.18.jar:D:\Shared\3Y2S\SPM\Lib\poi-bin-4.1.0-20190412\poi-4.1.0\commons-logging-1.2.jar:D:\Shared\3Y2S\SPM\Lib\poi-bin-4.1.0-20190412\poi-4.1.0\commons-math3-3.6.1.jar:D:\Shared\3Y2S\SPM\Lib\poi-bin-4.1.0-20190412\poi-4.1.0\curvesapi-1.06.jar:D:\Shared\3Y2S\SPM\Lib\poi-bin-4.1.0-20190412\poi-4.1.0\jaxb-api-2.3.0.jar:D:\Shared\3Y2S\SPM\Lib\poi-bin-4.1.0-20190412\poi-4.1.0\jaxb-core-2.3.0.1.jar:D:\Shared\3Y2S\SPM\Lib\poi-bin-4.1.0-20190412\poi-4.1.0\jaxb-impl-2.3.0.1.jar:D:\Shared\3Y2S\SPM\Lib\poi-bin-4.1.0-20190412\poi-4.1.0\junit-4.12.jar:D:\Shared\3Y2S\SPM\Lib\poi-bin-4.1.0-20190412\poi-4.1.0\log4j-1.2.17.jar:D:\Shared\3Y2S\SPM\Lib\poi-bin-4.1.0-20190412\poi-4.1.0\poi-4.1.0.jar:D:\Shared\3Y2S\SPM\Lib\poi-bin-4.1.0-20190412\poi-4.1.0\poi-examples-4.1.0.jar:D:\Shared\3Y2S\SPM\Lib\poi-bin-4.1.0-20190412\poi-4.1.0\poi-excelant-4.1.0.jar:D:\Shared\3Y2S\SPM\Lib\poi-bin-4.1.0-20190412\poi-4.1.0\poi-ooxml-4.1.0.jar:D:\Shared\3Y2S\SPM\Lib\poi-bin-4.1.0-20190412\poi-4.1.0\poi-ooxml-schemas-4.1.0.jar:D:\Shared\3Y2S\SPM\Lib\poi-bin-4.1.0-20190412\poi-4.1.0\poi-scratchpad-4.1.0.jar:D:\Shared\3Y2S\SPM\Lib\poi-bin-4.1.0-20190412\poi-4.1.0\xmlbeans-3.1.0.jar:D:\Shared\3Y2S\SPM\Lib\poi-bin-4.1.0-20190412\poi-4.1.0\lib\activation-1.1.1.jar:D:\Shared\3Y2S\SPM\Lib\poi-bin-4.1.0-20190412\poi-4.1.0\lib\commons-codec-1.12.jar:D:\Shared\3Y2S\SPM\Lib\poi-bin-4.1.0-20190412\poi-4.1.0\lib\commons-collections4-4.3.jar:D:\Shared\3Y2S\SPM\Lib\poi-bin-4.1.0-20190412\poi-4.1.0\lib\commons-compress-1.18.jar:D:\Shared\3Y2S\SPM\Lib\poi-bin-4.1.0-20190412\poi-4.1.0\lib\commons-logging-1.2.jar:D:\Shared\3Y2S\SPM\Lib\poi-bin-4.1.0-20190412\poi-4.1.0\lib\commons-math3-3.6.1.jar:D:\Shared\3Y2S\SPM\Lib\poi-bin-4.1.0-20190412\poi-4.1.0\lib\jaxb-api-2.3.0.jar:D:\Shared\3Y2S\SPM\Lib\poi-bin-4.1.0-20190412\poi-4.1.0\lib\jaxb-core-2.3.0.1.jar:D:\Shared\3Y2S\SPM\Lib\poi-bin-4.1.0-20190412\poi-4.1.0\lib\jaxb-impl-2.3.0.1.jar:D:\Shared\3Y2S\SPM\Lib\poi-bin-4.1.0-20190412\poi-4.1.0\lib\junit-4.12.jar:D:\Shared\3Y2S\SPM\Lib\poi-bin-4.1.0-20190412\poi-4.1.0\lib\log4j-1.2.17.jar:build/classes" />
    <property name="libs.jaxb.src" value="" />
    <property name="test.src.dir" value="test" />
    <property name="sun.awt.enableExtraMouseButtons" value="true" />
    <property name="org.openide.major.version" value="IDE/1" />
    <property name="libs.spring-framework300.javadoc" value="" />
    <property name="file.reference.junit-4.12.jar" value="D:\Shared\3Y2S\SPM\Lib\poi-bin-4.1.0-20190412\poi-4.1.0\junit-4.12.jar" />
    <property name="ap.proc.none.internal" value="" />
    <property name="org.openide.specification.version" value="6.2" />
    <property name="user.timezone" value="Asia/Colombo" />
    <property name="jar.index" value="false" />
    <property name="file.reference.activation-1.1.1.jar-1" value="D:\Shared\3Y2S\SPM\Lib\poi-bin-4.1.0-20190412\poi-4.1.0\lib\activation-1.1.1.jar" />
    <property name="libs.jpa20-persistence.classpath" value="C:\incubating-netbeans-11.0-bin\netbeans\java\modules\ext\eclipselink\javax.persistence-2.1.0.jar" />
    <property name="libs.eclipselinkmodelgen.javadoc" value="" />
    <property name="java.vm.specification.version" value="12" />
    <property name="libs.junit_5.classpath" value="C:\incubating-netbeans-11.0-bin\netbeans\platform\modules\ext\junit-jupiter-api-5.3.1.jar;C:\incubating-netbeans-11.0-bin\netbeans\platform\modules\ext\junit-jupiter-params-5.3.1.jar;C:\incubating-netbeans-11.0-bin\netbeans\platform\modules\ext\junit-jupiter-engine-5.3.1.jar" />
    <property name="javadoc.noindex" value="false" />
    <property name="javadoc.private" value="false" />
    <property name="libs.spring-webmvc4.0.maven-pom" value="" />
    <property name="libs.JAXB-ENDORSED.maven-pom" value="" />
    <property name="user.home" value="C:\Users\KHN" />
    <property name="libs.eclipselinkmodelgen.maven-pom" value="" />
    <property name="have.sources" value="true" />
    <property name="annotation.processing.processors.list" value="" />
    <property name="jlink.launcher" value="false" />
    <property name="javac.deprecation" value="false" />
    <property name="build.generated.sources.dir" value="build/generated-sources" />
    <property name="plugin.manager.check.updates" value="false" />
    <property name="netbeans.autoupdate.language" value="en" />
    <property name="build.compiler.emacs" value="true" />
    <property name="libs.eclipselinkmodelgen.src" value="" />
    <property name="build.classes.excludes" value="**/*.java,**/*.form" />
    <property name="dist.jar" value="dist/anagrams.jar" />
    <property name="libs.spring-webmvc4.0.classpath" value="C:\incubating-netbeans-11.0-bin\netbeans\java\modules\ext\spring-4\spring-webmvc-4.0.1.RELEASE.jar" />
    <property name="modules.supported.internal" value="true" />
    <property name="libs.javaee-endorsed-api-7.0.javadoc" value="C:\incubating-netbeans-11.0-bin\netbeans\enterprise\docs\javaee-doc-api.jar" />
    <property name="os.version" value="10.0" />
    <property name="netbeans.home" value="C:\incubating-netbeans-11.0-bin\netbeans\platform" />
    <property name="libs.CopyLibs.javadoc" value="" />
    <property name="debug-transport-by-os" value="dt_shmem" />
    <property name="libs.jsf20.src" value="" />
    <property name="java.vm.name" value="Java HotSpot(TM) 64-Bit Server VM" />
    <property name="unnamed.module.internal" value="true" />
    <property name="libs.jstl.javadoc" value="C:\incubating-netbeans-11.0-bin\netbeans\enterprise\docs\javaee-doc-api.jar" />
    <property name="libs.javaee-endorsed-api-7.0.maven-pom" value="" />
    <property name="libs.jaxws21.classpath" value="C:\incubating-netbeans-11.0-bin\netbeans\java\modules\ext\jaxws22\FastInfoset.jar;C:\incubating-netbeans-11.0-bin\netbeans\java\modules\ext\jaxws22\gmbal-api-only.jar;C:\incubating-netbeans-11.0-bin\netbeans\java\modules\ext\jaxws22\ha-api.jar;C:\incubating-netbeans-11.0-bin\netbeans\java\modules\ext\jaxws22\javax.mail_1.4.jar;C:\incubating-netbeans-11.0-bin\netbeans\java\modules\ext\jaxws22\jaxws-rt.jar;C:\incubating-netbeans-11.0-bin\netbeans\java\modules\ext\jaxws22\jaxws-tools.jar;C:\incubating-netbeans-11.0-bin\netbeans\java\modules\ext\jaxws22\management-api.jar;C:\incubating-netbeans-11.0-bin\netbeans\java\modules\ext\jaxws22\mimepull.jar;C:\incubating-netbeans-11.0-bin\netbeans\java\modules\ext\jaxws22\policy.jar;C:\incubating-netbeans-11.0-bin\netbeans\java\modules\ext\jaxws22\saaj-impl.jar;C:\incubating-netbeans-11.0-bin\netbeans\java\modules\ext\jaxws22\stax-ex.jar;C:\incubating-netbeans-11.0-bin\netbeans\java\modules\ext\jaxws22\stax2-api.jar;C:\incubating-netbeans-11.0-bin\netbeans\java\modules\ext\jaxws22\streambuffer.jar;C:\incubating-netbeans-11.0-bin\netbeans\java\modules\ext\jaxws22\woodstox-core-asl.jar;C:\incubating-netbeans-11.0-bin\netbeans\java\modules\ext\jaxws22\api\jaxws-api.jar;C:\incubating-netbeans-11.0-bin\netbeans\java\modules\ext\jaxws22\api\jsr181-api.jar;C:\incubating-netbeans-11.0-bin\netbeans\java\modules\ext\jaxws22\api\javax.annotation.jar;C:\incubating-netbeans-11.0-bin\netbeans\java\modules\ext\jaxws22\api\saaj-api.jar;C:\incubating-netbeans-11.0-bin\netbeans\ide\modules\ext\jaxb\activation.jar;C:\incubating-netbeans-11.0-bin\netbeans\ide\modules\ext\jaxb\api\jaxb-api.jar" />
    <property name="libs.restapi.classpath" value="C:\incubating-netbeans-11.0-bin\netbeans\enterprise\modules\ext\jaxrs-2.0\javax.ws.rs-api-2.0.jar" />
    <property name="file.reference.jaxb-api-2.3.0.jar" value="D:\Shared\3Y2S\SPM\Lib\poi-bin-4.1.0-20190412\poi-4.1.0\jaxb-api-2.3.0.jar" />
    <property name="os.arch" value="amd64" />
    <property name="build.generated.dir" value="build/generated" />
    <property name="libs.groovy-all.javadoc" value="" />
    <property name="libs.javaee-web-api-7.0.javadoc" value="C:\incubating-netbeans-11.0-bin\netbeans\enterprise\docs\javaee-doc-api.jar" />
    <property name="libs.jsf12.maven-pom" value="" />
    <property name="libs.javaee-endorsed-api-7.0.classpath" value="C:\incubating-netbeans-11.0-bin\netbeans\enterprise\modules\ext\javaee7-endorsed\javax.annotation-api.jar;C:\incubating-netbeans-11.0-bin\netbeans\enterprise\modules\ext\javaee7-endorsed\javax.xml.soap-api.jar;C:\incubating-netbeans-11.0-bin\netbeans\enterprise\modules\ext\javaee7-endorsed\jaxb-api-osgi.jar;C:\incubating-netbeans-11.0-bin\netbeans\enterprise\modules\ext\javaee7-endorsed\jaxws-api.jar;C:\incubating-netbeans-11.0-bin\netbeans\enterprise\modules\ext\javaee7-endorsed\jsr181-api.jar" />
    <property name="libs.primefaces.maven-pom" value="" />
    <property name="org.netbeans.io.suspend" value="0" />
    <property name="awt.toolkit" value="sun.awt.windows.WToolkit" />
    <property name="ant.project.name" value="anagrams" />
    <property name="dist.javadoc.dir" value="dist/javadoc" />
    <property name="default.javac.target" value="12" />
    <property name="javac.fork" value="false" />
    <property name="libs.eclipselink.classpath" value="C:\incubating-netbeans-11.0-bin\netbeans\java\modules\ext\eclipselink\org.eclipse.persistence.core-2.5.2.jar;C:\incubating-netbeans-11.0-bin\netbeans\java\modules\ext\eclipselink\org.eclipse.persistence.asm-2.5.2.jar;C:\incubating-netbeans-11.0-bin\netbeans\java\modules\ext\eclipselink\org.eclipse.persistence.antlr-2.5.2.jar;C:\incubating-netbeans-11.0-bin\netbeans\java\modules\ext\eclipselink\org.eclipse.persistence.jpa-2.5.2.jar;C:\incubating-netbeans-11.0-bin\netbeans\java\modules\ext\eclipselink\org.eclipse.persistence.jpa.jpql-2.5.2.jar;C:\incubating-netbeans-11.0-bin\netbeans\java\modules\ext\eclipselink\javax.persistence-2.1.0.jar" />
    <property name="libs.javac-api.classpath" value="" />
    <property name="file.reference.junit-4.11.jar" value="D:\Shared\3Y2S\SPM\jfreechart-1.0.19\lib\junit-4.11.jar" />
    <property name="libs.struts.classpath" value="C:\incubating-netbeans-11.0-bin\netbeans\enterprise\modules\ext\struts\antlr-2.7.2.jar;C:\incubating-netbeans-11.0-bin\netbeans\enterprise\modules\ext\struts\bsf-2.3.0.jar;C:\incubating-netbeans-11.0-bin\netbeans\enterprise\modules\ext\struts\commons-beanutils-1.8.0.jar;C:\incubating-netbeans-11.0-bin\netbeans\enterprise\modules\ext\struts\commons-chain-1.2.jar;C:\incubating-netbeans-11.0-bin\netbeans\enterprise\modules\ext\struts\commons-digester-1.8.jar;C:\incubating-netbeans-11.0-bin\netbeans\enterprise\modules\ext\struts\commons-fileupload-1.1.1.jar;C:\incubating-netbeans-11.0-bin\netbeans\enterprise\modules\ext\struts\commons-io-1.1.jar;C:\incubating-netbeans-11.0-bin\netbeans\enterprise\modules\ext\struts\commons-logging-1.0.4.jar;C:\incubating-netbeans-11.0-bin\netbeans\enterprise\modules\ext\struts\commons-validator-1.3.1.jar;C:\incubating-netbeans-11.0-bin\netbeans\enterprise\modules\ext\struts\jstl-1.0.2.jar;C:\incubating-netbeans-11.0-bin\netbeans\enterprise\modules\ext\struts\oro-2.0.8.jar;C:\incubating-netbeans-11.0-bin\netbeans\enterprise\modules\ext\struts\standard-1.0.6.jar;C:\incubating-netbeans-11.0-bin\netbeans\enterprise\modules\ext\struts\struts-core-1.3.10.jar;C:\incubating-netbeans-11.0-bin\netbeans\enterprise\modules\ext\struts\struts-el-1.3.10.jar;C:\incubating-netbeans-11.0-bin\netbeans\enterprise\modules\ext\struts\struts-extras-1.3.10.jar;C:\incubating-netbeans-11.0-bin\netbeans\enterprise\modules\ext\struts\struts-faces-1.3.10.jar;C:\incubating-netbeans-11.0-bin\netbeans\enterprise\modules\ext\struts\struts-mailreader-dao-1.3.10.jar;C:\incubating-netbeans-11.0-bin\netbeans\enterprise\modules\ext\struts\struts-scripting-1.3.10.jar;C:\incubating-netbeans-11.0-bin\netbeans\enterprise\modules\ext\struts\struts-taglib-1.3.10.jar;C:\incubating-netbeans-11.0-bin\netbeans\enterprise\modules\ext\struts\struts-tiles-1.3.10.jar" />
    <property name="libs.PostgreSQLDriver.maven-pom" value="" />
    <property name="libs.absolutelayout.src" value="" />
    <property name="testng.mode" value="testng" />
    <property name="annotation.processing.enabled.in.editor" value="false" />
    <property name="java.vm.compressedOopsMode" value="32-bit" />
    <property name="netbeans.productversion" value="Apache NetBeans IDE 11.0 (Build incubator-netbeans-release-404-on-20190319)" />
    <property name="mkdist.disabled" value="false" />
    <property name="libs.javaee-web-api-6.0.javadoc" value="C:\incubating-netbeans-11.0-bin\netbeans\enterprise\docs\javaee-doc-api.jar" />
    <property name="file.reference.commons-compress-1.18.jar" value="D:\Shared\3Y2S\SPM\Lib\poi-bin-4.1.0-20190412\poi-4.1.0\commons-compress-1.18.jar" />
    <property name="file.reference.junit-4.12.jar-1" value="D:\Shared\3Y2S\SPM\Lib\poi-bin-4.1.0-20190412\poi-4.1.0\lib\junit-4.12.jar" />
    <property name="libs.groovy-all.classpath" value="C:\incubating-netbeans-11.0-bin\netbeans\groovy\modules\ext\groovy.jar;C:\incubating-netbeans-11.0-bin\netbeans\groovy\modules\ext\groovy-ant.jar" />
    <property name="libs.javaee-api-7.0.maven-pom" value="" />
    <property name="libs.absolutelayout.javadoc" value="" />
    <property name="module.build.classes.dir" value="build/classes" />
    <property name="annotation.processing.processor.options" value="" />
    <property name="libs.jaxb.maven-pom" value="" />
    <property name="libs.javaee-api-6.0.maven-pom" value="" />
    <property name="file.reference.jaxb-core-2.3.0.1.jar-1" value="D:\Shared\3Y2S\SPM\Lib\poi-bin-4.1.0-20190412\poi-4.1.0\lib\jaxb-core-2.3.0.1.jar" />
    <property name="dist.dir" value="dist" />
    <property name="build.dir" value="build" />
    <property name="file.reference.poi-excelant-4.1.0.jar" value="D:\Shared\3Y2S\SPM\Lib\poi-bin-4.1.0-20190412\poi-4.1.0\poi-excelant-4.1.0.jar" />
    <property name="netbeans.autoupdate.variant" value="" />
    <property name="javadoc.version" value="false" />
    <property name="libs.metro.classpath" value="C:\incubating-netbeans-11.0-bin\netbeans\ide\modules\ext\jaxb\activation.jar;C:\incubating-netbeans-11.0-bin\netbeans\enterprise\modules\ext\metro\webservices-api.jar;C:\incubating-netbeans-11.0-bin\netbeans\enterprise\modules\ext\metro\webservices-extra-api.jar;C:\incubating-netbeans-11.0-bin\netbeans\enterprise\modules\ext\metro\webservices-extra.jar;C:\incubating-netbeans-11.0-bin\netbeans\enterprise\modules\ext\metro\webservices-rt.jar;C:\incubating-netbeans-11.0-bin\netbeans\enterprise\modules\ext\metro\webservices-tools.jar" />
    <property name="libs.metro.src" value="" />
    <property name="libs.CopyLibs.classpath" value="C:\incubating-netbeans-11.0-bin\netbeans\java\ant\extra\org-netbeans-modules-java-j2seproject-copylibstask.jar" />
    <property name="sun.os.patch.level" value="" />
    <property name="javadoc.html5" value="false" />
    <property name="javac.test.processorpath" value="D:\Shared\3Y2S\SPM\jfreechart-1.0.19\lib\hamcrest-core-1.3.jar:D:\Shared\3Y2S\SPM\jfreechart-1.0.19\lib\jcommon-1.0.23.jar:D:\Shared\3Y2S\SPM\jfreechart-1.0.19\lib\jfreechart-1.0.19-experimental.jar:D:\Shared\3Y2S\SPM\jfreechart-1.0.19\lib\jfreechart-1.0.19-swt.jar:D:\Shared\3Y2S\SPM\jfreechart-1.0.19\lib\jfreechart-1.0.19.jar:D:\Shared\3Y2S\SPM\jfreechart-1.0.19\lib\jfreesvg-2.0.jar:D:\Shared\3Y2S\SPM\jfreechart-1.0.19\lib\junit-4.11.jar:D:\Shared\3Y2S\SPM\jfreechart-1.0.19\lib\orsoncharts-1.4-eval-nofx.jar:D:\Shared\3Y2S\SPM\jfreechart-1.0.19\lib\orsonpdf-1.6-eval.jar:D:\Shared\3Y2S\SPM\jfreechart-1.0.19\lib\servlet.jar:D:\Shared\3Y2S\SPM\jfreechart-1.0.19\lib\swtgraphics2d.jar:D:\Shared\3Y2S\SPM\Lib\poi-bin-4.1.0-20190412\poi-4.1.0\activation-1.1.1.jar:D:\Shared\3Y2S\SPM\Lib\poi-bin-4.1.0-20190412\poi-4.1.0\commons-codec-1.12.jar:D:\Shared\3Y2S\SPM\Lib\poi-bin-4.1.0-20190412\poi-4.1.0\commons-collections4-4.3.jar:D:\Shared\3Y2S\SPM\Lib\poi-bin-4.1.0-20190412\poi-4.1.0\commons-compress-1.18.jar:D:\Shared\3Y2S\SPM\Lib\poi-bin-4.1.0-20190412\poi-4.1.0\commons-logging-1.2.jar:D:\Shared\3Y2S\SPM\Lib\poi-bin-4.1.0-20190412\poi-4.1.0\commons-math3-3.6.1.jar:D:\Shared\3Y2S\SPM\Lib\poi-bin-4.1.0-20190412\poi-4.1.0\curvesapi-1.06.jar:D:\Shared\3Y2S\SPM\Lib\poi-bin-4.1.0-20190412\poi-4.1.0\jaxb-api-2.3.0.jar:D:\Shared\3Y2S\SPM\Lib\poi-bin-4.1.0-20190412\poi-4.1.0\jaxb-core-2.3.0.1.jar:D:\Shared\3Y2S\SPM\Lib\poi-bin-4.1.0-20190412\poi-4.1.0\jaxb-impl-2.3.0.1.jar:D:\Shared\3Y2S\SPM\Lib\poi-bin-4.1.0-20190412\poi-4.1.0\junit-4.12.jar:D:\Shared\3Y2S\SPM\Lib\poi-bin-4.1.0-20190412\poi-4.1.0\log4j-1.2.17.jar:D:\Shared\3Y2S\SPM\Lib\poi-bin-4.1.0-20190412\poi-4.1.0\poi-4.1.0.jar:D:\Shared\3Y2S\SPM\Lib\poi-bin-4.1.0-20190412\poi-4.1.0\poi-examples-4.1.0.jar:D:\Shared\3Y2S\SPM\Lib\poi-bin-4.1.0-20190412\poi-4.1.0\poi-excelant-4.1.0.jar:D:\Shared\3Y2S\SPM\Lib\poi-bin-4.1.0-20190412\poi-4.1.0\poi-ooxml-4.1.0.jar:D:\Shared\3Y2S\SPM\Lib\poi-bin-4.1.0-20190412\poi-4.1.0\poi-ooxml-schemas-4.1.0.jar:D:\Shared\3Y2S\SPM\Lib\poi-bin-4.1.0-20190412\poi-4.1.0\poi-scratchpad-4.1.0.jar:D:\Shared\3Y2S\SPM\Lib\poi-bin-4.1.0-20190412\poi-4.1.0\xmlbeans-3.1.0.jar:D:\Shared\3Y2S\SPM\Lib\poi-bin-4.1.0-20190412\poi-4.1.0\lib\activation-1.1.1.jar:D:\Shared\3Y2S\SPM\Lib\poi-bin-4.1.0-20190412\poi-4.1.0\lib\commons-codec-1.12.jar:D:\Shared\3Y2S\SPM\Lib\poi-bin-4.1.0-20190412\poi-4.1.0\lib\commons-collections4-4.3.jar:D:\Shared\3Y2S\SPM\Lib\poi-bin-4.1.0-20190412\poi-4.1.0\lib\commons-compress-1.18.jar:D:\Shared\3Y2S\SPM\Lib\poi-bin-4.1.0-20190412\poi-4.1.0\lib\commons-logging-1.2.jar:D:\Shared\3Y2S\SPM\Lib\poi-bin-4.1.0-20190412\poi-4.1.0\lib\commons-math3-3.6.1.jar:D:\Shared\3Y2S\SPM\Lib\poi-bin-4.1.0-20190412\poi-4.1.0\lib\jaxb-api-2.3.0.jar:D:\Shared\3Y2S\SPM\Lib\poi-bin-4.1.0-20190412\poi-4.1.0\lib\jaxb-core-2.3.0.1.jar:D:\Shared\3Y2S\SPM\Lib\poi-bin-4.1.0-20190412\poi-4.1.0\lib\jaxb-impl-2.3.0.1.jar:D:\Shared\3Y2S\SPM\Lib\poi-bin-4.1.0-20190412\poi-4.1.0\lib\junit-4.12.jar:D:\Shared\3Y2S\SPM\Lib\poi-bin-4.1.0-20190412\poi-4.1.0\lib\log4j-1.2.17.jar:build/classes:C:\incubating-netbeans-11.0-bin\netbeans\platform\modules\ext\junit-4.12.jar:C:\incubating-netbeans-11.0-bin\netbeans\platform\modules\ext\hamcrest-core-1.3.jar" />
    <property name="libs.javaee-web-api-7.0.maven-pom" value="" />
    <property name="netbeans.dirs" value="C:\incubating-netbeans-11.0-bin\netbeans\nb;C:\incubating-netbeans-11.0-bin\netbeans\ergonomics;C:\incubating-netbeans-11.0-bin\netbeans\ide;C:\incubating-netbeans-11.0-bin\netbeans\extide;C:\incubating-netbeans-11.0-bin\netbeans\java;C:\incubating-netbeans-11.0-bin\netbeans\apisupport;C:\incubating-netbeans-11.0-bin\netbeans\webcommon;C:\incubating-netbeans-11.0-bin\netbeans\websvccommon;C:\incubating-netbeans-11.0-bin\netbeans\enterprise;C:\incubating-netbeans-11.0-bin\netbeans\mobility;C:\incubating-netbeans-11.0-bin\netbeans\profiler;C:\incubating-netbeans-11.0-bin\netbeans\python;C:\incubating-netbeans-11.0-bin\netbeans\php;C:\incubating-netbeans-11.0-bin\netbeans\identity;C:\incubating-netbeans-11.0-bin\netbeans\harness;C:\incubating-netbeans-11.0-bin\netbeans\cnd;C:\incubating-netbeans-11.0-bin\netbeans\cndext;C:\incubating-netbeans-11.0-bin\netbeans\dlight;C:\incubating-netbeans-11.0-bin\netbeans\groovy;C:\incubating-netbeans-11.0-bin\netbeans\extra;C:\incubating-netbeans-11.0-bin\netbeans\javacard;C:\incubating-netbeans-11.0-bin\netbeans\javafx" />
    <property name="libs.JAVADB_DRIVER_LABEL.javadoc" value="" />
    <property name="file.reference.poi-scratchpad-4.1.0.jar" value="D:\Shared\3Y2S\SPM\Lib\poi-bin-4.1.0-20190412\poi-4.1.0\poi-scratchpad-4.1.0.jar" />
    <property name="libs.hamcrest.maven-pom" value="" />
    <property name="file.reference.commons-codec-1.12.jar" value="D:\Shared\3Y2S\SPM\Lib\poi-bin-4.1.0-20190412\poi-4.1.0\commons-codec-1.12.jar" />
    <property name="javac.processorpath" value="D:\Shared\3Y2S\SPM\jfreechart-1.0.19\lib\hamcrest-core-1.3.jar:D:\Shared\3Y2S\SPM\jfreechart-1.0.19\lib\jcommon-1.0.23.jar:D:\Shared\3Y2S\SPM\jfreechart-1.0.19\lib\jfreechart-1.0.19-experimental.jar:D:\Shared\3Y2S\SPM\jfreechart-1.0.19\lib\jfreechart-1.0.19-swt.jar:D:\Shared\3Y2S\SPM\jfreechart-1.0.19\lib\jfreechart-1.0.19.jar:D:\Shared\3Y2S\SPM\jfreechart-1.0.19\lib\jfreesvg-2.0.jar:D:\Shared\3Y2S\SPM\jfreechart-1.0.19\lib\junit-4.11.jar:D:\Shared\3Y2S\SPM\jfreechart-1.0.19\lib\orsoncharts-1.4-eval-nofx.jar:D:\Shared\3Y2S\SPM\jfreechart-1.0.19\lib\orsonpdf-1.6-eval.jar:D:\Shared\3Y2S\SPM\jfreechart-1.0.19\lib\servlet.jar:D:\Shared\3Y2S\SPM\jfreechart-1.0.19\lib\swtgraphics2d.jar:D:\Shared\3Y2S\SPM\Lib\poi-bin-4.1.0-20190412\poi-4.1.0\activation-1.1.1.jar:D:\Shared\3Y2S\SPM\Lib\poi-bin-4.1.0-20190412\poi-4.1.0\commons-codec-1.12.jar:D:\Shared\3Y2S\SPM\Lib\poi-bin-4.1.0-20190412\poi-4.1.0\commons-collections4-4.3.jar:D:\Shared\3Y2S\SPM\Lib\poi-bin-4.1.0-20190412\poi-4.1.0\commons-compress-1.18.jar:D:\Shared\3Y2S\SPM\Lib\poi-bin-4.1.0-20190412\poi-4.1.0\commons-logging-1.2.jar:D:\Shared\3Y2S\SPM\Lib\poi-bin-4.1.0-20190412\poi-4.1.0\commons-math3-3.6.1.jar:D:\Shared\3Y2S\SPM\Lib\poi-bin-4.1.0-20190412\poi-4.1.0\curvesapi-1.06.jar:D:\Shared\3Y2S\SPM\Lib\poi-bin-4.1.0-20190412\poi-4.1.0\jaxb-api-2.3.0.jar:D:\Shared\3Y2S\SPM\Lib\poi-bin-4.1.0-20190412\poi-4.1.0\jaxb-core-2.3.0.1.jar:D:\Shared\3Y2S\SPM\Lib\poi-bin-4.1.0-20190412\poi-4.1.0\jaxb-impl-2.3.0.1.jar:D:\Shared\3Y2S\SPM\Lib\poi-bin-4.1.0-20190412\poi-4.1.0\junit-4.12.jar:D:\Shared\3Y2S\SPM\Lib\poi-bin-4.1.0-20190412\poi-4.1.0\log4j-1.2.17.jar:D:\Shared\3Y2S\SPM\Lib\poi-bin-4.1.0-20190412\poi-4.1.0\poi-4.1.0.jar:D:\Shared\3Y2S\SPM\Lib\poi-bin-4.1.0-20190412\poi-4.1.0\poi-examples-4.1.0.jar:D:\Shared\3Y2S\SPM\Lib\poi-bin-4.1.0-20190412\poi-4.1.0\poi-excelant-4.1.0.jar:D:\Shared\3Y2S\SPM\Lib\poi-bin-4.1.0-20190412\poi-4.1.0\poi-ooxml-4.1.0.jar:D:\Shared\3Y2S\SPM\Lib\poi-bin-4.1.0-20190412\poi-4.1.0\poi-ooxml-schemas-4.1.0.jar:D:\Shared\3Y2S\SPM\Lib\poi-bin-4.1.0-20190412\poi-4.1.0\poi-scratchpad-4.1.0.jar:D:\Shared\3Y2S\SPM\Lib\poi-bin-4.1.0-20190412\poi-4.1.0\xmlbeans-3.1.0.jar:D:\Shared\3Y2S\SPM\Lib\poi-bin-4.1.0-20190412\poi-4.1.0\lib\activation-1.1.1.jar:D:\Shared\3Y2S\SPM\Lib\poi-bin-4.1.0-20190412\poi-4.1.0\lib\commons-codec-1.12.jar:D:\Shared\3Y2S\SPM\Lib\poi-bin-4.1.0-20190412\poi-4.1.0\lib\commons-collections4-4.3.jar:D:\Shared\3Y2S\SPM\Lib\poi-bin-4.1.0-20190412\poi-4.1.0\lib\commons-compress-1.18.jar:D:\Shared\3Y2S\SPM\Lib\poi-bin-4.1.0-20190412\poi-4.1.0\lib\commons-logging-1.2.jar:D:\Shared\3Y2S\SPM\Lib\poi-bin-4.1.0-20190412\poi-4.1.0\lib\commons-math3-3.6.1.jar:D:\Shared\3Y2S\SPM\Lib\poi-bin-4.1.0-20190412\poi-4.1.0\lib\jaxb-api-2.3.0.jar:D:\Shared\3Y2S\SPM\Lib\poi-bin-4.1.0-20190412\poi-4.1.0\lib\jaxb-core-2.3.0.1.jar:D:\Shared\3Y2S\SPM\Lib\poi-bin-4.1.0-20190412\poi-4.1.0\lib\jaxb-impl-2.3.0.1.jar:D:\Shared\3Y2S\SPM\Lib\poi-bin-4.1.0-20190412\poi-4.1.0\lib\junit-4.12.jar:D:\Shared\3Y2S\SPM\Lib\poi-bin-4.1.0-20190412\poi-4.1.0\lib\log4j-1.2.17.jar" />
    <property name="libs.javaee-api-6.0.javadoc" value="C:\incubating-netbeans-11.0-bin\netbeans\enterprise\docs\javaee-doc-api.jar" />
    <property name="libs.JWSAntTasks.maven-pom" value="" />
    <property name="file.reference.orsoncharts-1.4-eval-nofx.jar" value="D:\Shared\3Y2S\SPM\jfreechart-1.0.19\lib\orsoncharts-1.4-eval-nofx.jar" />
    <property name="file.reference.commons-codec-1.12.jar-1" value="D:\Shared\3Y2S\SPM\Lib\poi-bin-4.1.0-20190412\poi-4.1.0\lib\commons-codec-1.12.jar" />
    <property name="run.modulepath" value="" />
    <property name="javac.upgrademodulepath" value="" />
    <property name="file.reference.jfreesvg-2.0.jar" value="D:\Shared\3Y2S\SPM\jfreechart-1.0.19\lib\jfreesvg-2.0.jar" />
    <property name="do.archive+manifest.available" value="true" />
    <property name="apple.laf.useScreenMenuBar" value="true" />
    <property name="user.country" value="US" />
    <property name="sun.java.launcher" value="SUN_STANDARD" />
    <property name="libs.jpa20-persistence.src" value="" />
    <property name="libs.restapi.javadoc" value="" />
    <property name="endorsed.classpath" value="" />
    <property name="javac.test.sourcepath" value="D:\Shared\3Y2S\SPM\15thFinalEval\NEW\SPM_2\build\empty" />
    <property name="libs.spring-webmvc3.0.maven-pom" value="" />
    <property name="includes" value="**" />
    <property name="file.reference.jaxb-impl-2.3.0.1.jar-1" value="D:\Shared\3Y2S\SPM\Lib\poi-bin-4.1.0-20190412\poi-4.1.0\lib\jaxb-impl-2.3.0.1.jar" />
    <property name="file.reference.hamcrest-core-1.3.jar" value="D:\Shared\3Y2S\SPM\jfreechart-1.0.19\lib\hamcrest-core-1.3.jar" />
    <property name="libs.jsf12.javadoc" value="C:\incubating-netbeans-11.0-bin\netbeans\enterprise\docs\javaee-doc-api.jar" />
    <property name="libs.hamcrest.classpath" value="C:\incubating-netbeans-11.0-bin\netbeans\platform\modules\ext\hamcrest-core-1.3.jar" />
    <property name="javadoc.splitindex" value="true" />
    <property name="libs.JWSAntTasks.classpath" value="C:\incubating-netbeans-11.0-bin\netbeans\java\ant\extra\org-netbeans-modules-javawebstart-anttasks.jar" />
    <property name="junit.available" value="true" />
    <property name="javac.processormodulepath" value="" />
    <property name="javadoc.encoding" value="UTF-8" />
    <property name="netbeans.hash.code" value="unique=04da0ac49-7884-4fb5-aee3-dda4c2bba09c_6b90b537-10c2-44a4-b6a5-328efc3adb06" />
    <property name="libs.jsp-compilation-syscp.maven-pom" value="" />
    <property name="libs.jstl.src" value="" />
    <property name="jlink.strip" value="false" />
    <property name="libs.spring-webmvc3.0.classpath" value="C:\incubating-netbeans-11.0-bin\netbeans\java\modules\ext\spring-3.0\spring-webmvc-3.2.7.RELEASE.jar" />
    <property name="java.runtime.name" value="Java(TM) SE Runtime Environment" />
    <property name="manifest.available" value="true" />
    <property name="libs.jaxb.javadoc" value="C:\incubating-netbeans-11.0-bin\netbeans\ide\docs\jaxb-api-2.2.5-javadoc.jar" />
    <property name="run.jvmargs.ide" value="" />
    <property name="ant.core.lib" value="C:\incubating-netbeans-11.0-bin\netbeans\extide\ant\lib\ant.jar" />
    <property name="libs.jsp-compilation.maven-pom" value="" />
    <property name="file.reference.xmlbeans-3.1.0.jar" value="D:\Shared\3Y2S\SPM\Lib\poi-bin-4.1.0-20190412\poi-4.1.0\xmlbeans-3.1.0.jar" />
    <property name="netbeans.logger.console" value="true" />
    <property name="javac.profile.cmd.line.arg" value="" />
    <property name="do.archive+main.class.available" value="true" />
    <property name="application.title" value="SPM_2" />
    <property name="javac.test.modulepath" value="" />
    <property name="libs.PostgreSQLDriver.javadoc" value="" />
    <property name="libs.jsp-compilation-syscp.classpath" value="C:\incubating-netbeans-11.0-bin\netbeans\extide\ant\lib\ant.jar;C:\incubating-netbeans-11.0-bin\netbeans\enterprise\modules\ext\servlet3.1-jsp2.3-api.jar;C:\incubating-netbeans-11.0-bin\netbeans\enterprise\modules\ext\glassfish-jspparser-4.0.jar;C:\incubating-netbeans-11.0-bin\netbeans\enterprise\modules\ext\jstl-impl.jar;C:\incubating-netbeans-11.0-bin\netbeans\enterprise\modules\ext\jsf-2_2\javax.faces.jar" />
    <property name="libs.jsp-compilation.classpath" value="C:\incubating-netbeans-11.0-bin\netbeans\extide\ant\lib\ant.jar;C:\incubating-netbeans-11.0-bin\netbeans\enterprise\modules\ext\servlet3.1-jsp2.3-api.jar;C:\incubating-netbeans-11.0-bin\netbeans\enterprise\modules\ext\glassfish-jspparser-4.0.jar;C:\incubating-netbeans-11.0-bin\netbeans\enterprise\modules\ext\jsf-2_2\javax.faces.jar;C:\incubating-netbeans-11.0-bin\netbeans\enterprise\modules\ext\jstl-api.jar;C:\incubating-netbeans-11.0-bin\netbeans\extide\ant\lib\ant-launcher.jar" />
    <property name="libs.javaee-api-6.0.classpath" value="C:\incubating-netbeans-11.0-bin\netbeans\enterprise\modules\ext\javaee-api-6.0.jar" />
    <property name="javac.includesfile.binary" value="D:\Shared\3Y2S\SPM\15thFinalEval\NEW\SPM_2\null619688722" />
    <property name="libs.javaee-api-7.0.classpath" value="C:\incubating-netbeans-11.0-bin\netbeans\enterprise\modules\ext\javaee-api-7.0.jar" />
    <property name="file.reference.servlet.jar" value="D:\Shared\3Y2S\SPM\jfreechart-1.0.19\lib\servlet.jar" />
    <property name="file.reference.jcommon-1.0.23.jar" value="D:\Shared\3Y2S\SPM\jfreechart-1.0.19\lib\jcommon-1.0.23.jar" />
    <property name="sun.cpu.isalist" value="amd64" />
    <property name="libs.restapi.maven-pom" value="" />
    <property name="javadoc.preview" value="true" />
    <property name="do.depend" value="false" />
    <property name="sun.arch.data.model" value="64" />
    <property name="file.reference.curvesapi-1.06.jar" value="D:\Shared\3Y2S\SPM\Lib\poi-bin-4.1.0-20190412\poi-4.1.0\curvesapi-1.06.jar" />
    <property name="nb.show.statistics.ui" value="usageStatisticsEnabled" />
    <property name="libs.javaee-endorsed-api-7.0.src" value="" />
    <property name="annotation.processing.enabled" value="true" />
    <property name="file.reference.jaxb-core-2.3.0.1.jar" value="D:\Shared\3Y2S\SPM\Lib\poi-bin-4.1.0-20190412\poi-4.1.0\jaxb-core-2.3.0.1.jar" />
    <property name="libs.junit_5.src" value="C:\incubating-netbeans-11.0-bin\netbeans\platform\docs\junit-jupiter-api-5.3.1-sources.jar;C:\incubating-netbeans-11.0-bin\netbeans\platform\docs\junit-jupiter-params-5.3.1-sources.jar;C:\incubating-netbeans-11.0-bin\netbeans\platform\docs\junit-jupiter-engine-5.3.1-sources.jar" />
    <property name="libs.jaxb.classpath" value="C:\incubating-netbeans-11.0-bin\netbeans\ide\modules\ext\jaxb\jaxb-impl-2.2.5-2.jar;C:\incubating-netbeans-11.0-bin\netbeans\ide\modules\ext\jaxb\jaxb-xjc-2.2.5-2.jar;C:\incubating-netbeans-11.0-bin\netbeans\ide\modules\ext\jaxb\jaxb1-impl-2.2.5-2.jar;C:\incubating-netbeans-11.0-bin\netbeans\ide\modules\ext\jaxb\activation.jar;C:\incubating-netbeans-11.0-bin\netbeans\ide\modules\ext\jaxb\api\jaxb-api.jar" />
    <property name="file.reference.commons-logging-1.2.jar" value="D:\Shared\3Y2S\SPM\Lib\poi-bin-4.1.0-20190412\poi-4.1.0\commons-logging-1.2.jar" />
    <property name="libs.CopyLibs.src" value="" />
    <property name="file.reference.poi-4.1.0.jar" value="D:\Shared\3Y2S\SPM\Lib\poi-bin-4.1.0-20190412\poi-4.1.0\poi-4.1.0.jar" />
    <property name="java.specification.vendor" value="Oracle Corporation" />
    <property name="javac.source" value="12" />
    <property name="java.version.date" value="2019-07-16" />
    <property name="java.home" value="C:\JDK11" />
    <property name="work.dir" value="D:\Shared\3Y2S\SPM\15thFinalEval\NEW\SPM_2" />
    <property name="jna.boot.library.name" value="jnidispatch-440" />
    <property name="javac.test.compilerargs" value="" />
    <property name="libs.PostgreSQLDriver.classpath" value="C:\incubating-netbeans-11.0-bin\netbeans\ide\modules\ext\postgresql-42.2.5.jar" />
    <property name="libs.spring-webmvc3.0.javadoc" value="" />
    <property name="libs.JAXB-ENDORSED.src" value="" />
    <property name="user.script" value="" />
    <property name="manifest.encoding" value="UTF-8" />
    <property name="libs.spring-framework400.src" value="" />
    <property name="sun.management.compiler" value="HotSpot 64-Bit Tiered Compilers" />
    <property name="run.test.modulepath" value="" />
    <property name="libs.maven-dependencies.src" value="" />
    <property name="libs.javaee-web-api-6.0.classpath" value="C:\incubating-netbeans-11.0-bin\netbeans\enterprise\modules\ext\javaee-web-api-6.0.jar" />
    <property name="libs.jsp-compiler.javadoc" value="" />
    <property name="debug.test.modulepath" value="" />
    <property name="libs.javaee-web-api-7.0.classpath" value="C:\incubating-netbeans-11.0-bin\netbeans\enterprise\modules\ext\javaee-web-api-7.0.jar" />
    <property name="file.encoding" value="Cp1252" />
    <property name="java.util.logging.config.class" value="org.netbeans.core.startup.TopLogging" />
    <property name="https.nonProxyHosts" value="localhost|127.0.0.1|K12K" />
    <property name="libs.restlib.javadoc" value="" />
    <property name="libs.absolutelayout.classpath" value="C:\incubating-netbeans-11.0-bin\netbeans\java\modules\ext\AbsoluteLayout.jar" />
    <property name="do.archive" value="true" />
    <property name="libs.struts.maven-pom" value="" />
    <property name="built-jar.properties" value="D:\Shared\3Y2S\SPM\15thFinalEval\NEW\SPM_2\build\built-jar.properties" />
    <property name="nb.native.filechooser" value="false" />
    <property name="libs.testng.src" value="" />
    <property name="platform.active" value="default_platform" />
    <property name="file.reference.poi-ooxml-4.1.0.jar" value="D:\Shared\3Y2S\SPM\Lib\poi-bin-4.1.0-20190412\poi-4.1.0\poi-ooxml-4.1.0.jar" />
    <property name="manifest.file" value="manifest.mf" />
    <property name="sun.io.unicode.encoding" value="UnicodeLittle" />
    <property name="libs.struts.javadoc" value="C:\incubating-netbeans-11.0-bin\netbeans\enterprise\docs\struts-1.3.10-javadoc.zip" />
    <property name="default.javac.source" value="12" />
    <property name="sun.desktop" value="windows" />
    <property name="netbeans.dynamic.classpath" value="C:\incubating-netbeans-11.0-bin\netbeans\platform\core\asm-all-5.0.1.jar;C:\incubating-netbeans-11.0-bin\netbeans\platform\core\core-base.jar;C:\incubating-netbeans-11.0-bin\netbeans\platform\core\core.jar;C:\incubating-netbeans-11.0-bin\netbeans\platform\core\org-netbeans-libs-asm.jar;C:\incubating-netbeans-11.0-bin\netbeans\platform\core\org-openide-filesystems-compat8.jar;C:\incubating-netbeans-11.0-bin\netbeans\platform\core\org-openide-filesystems.jar;C:\incubating-netbeans-11.0-bin\netbeans\nb\core\org-netbeans-upgrader.jar;C:\incubating-netbeans-11.0-bin\netbeans\nb\core\locale\core_nb.jar" />
    <property name="libs.eclipselinkmodelgen.classpath" value="C:\incubating-netbeans-11.0-bin\netbeans\java\modules\ext\eclipselink\org.eclipse.persistence.jpa.modelgen.processor-2.5.2.jar" />
    <property name="javac.systemmodulepath.cmd.line.arg" value="" />
    <property name="netbeans.buildnumber" value="incubator-netbeans-release-404-on-20190319" />
    <property name="endorsed.classpath.cmd.line.arg" value="" />
    <property name="libs.jpa20-persistence.maven-pom" value="" />
    <property name="os.name" value="Windows 10" />
    <property name="libs.CopyLibs.maven-pom" value="" />
    <property name="file.reference.swtgraphics2d.jar" value="D:\Shared\3Y2S\SPM\jfreechart-1.0.19\lib\swtgraphics2d.jar" />
    <property name="jdkBug6558476" value="false" />
    <property name="http.nonProxyHosts" value="localhost|127.0.0.1|K12K" />
    <property name="javadoc.author" value="false" />
    <property name="main.class" value="WordTest.UI" />
    <property name="libs.jsp-compilation-syscp.javadoc" value="" />
    <property name="source.encoding" value="UTF-8" />
    <property name="jar.compress" value="false" />
    <property name="libs.javaee-api-7.0.javadoc" value="C:\incubating-netbeans-11.0-bin\netbeans\enterprise\docs\javaee-doc-api.jar" />
    <property name="file.reference.jfreechart-1.0.19-swt.jar" value="D:\Shared\3Y2S\SPM\jfreechart-1.0.19\lib\jfreechart-1.0.19-swt.jar" />
    <property name="java.awt.graphicsenv" value="sun.awt.Win32GraphicsEnvironment" />
    <property name="libs.jsf20.maven-pom" value="" />
    <property name="libs.restlib.classpath" value="C:\incubating-netbeans-11.0-bin\netbeans\enterprise\modules\ext\jersey2\ext\asm-all-repackaged-2.2.0-b21.jar;C:\incubating-netbeans-11.0-bin\netbeans\enterprise\modules\ext\jersey2\ext\cglib-2.2.0-b21.jar;C:\incubating-netbeans-11.0-bin\netbeans\enterprise\modules\ext\jersey2\ext\guava-14.0.1.jar;C:\incubating-netbeans-11.0-bin\netbeans\enterprise\modules\ext\jersey2\ext\hk2-api-2.2.0-b21.jar;C:\incubating-netbeans-11.0-bin\netbeans\enterprise\modules\ext\jersey2\ext\hk2-locator-2.2.0-b21.jar;C:\incubating-netbeans-11.0-bin\netbeans\enterprise\modules\ext\jersey2\ext\hk2-utils-2.2.0-b21.jar;C:\incubating-netbeans-11.0-bin\netbeans\enterprise\modules\ext\jersey2\ext\javax.annotation-api-1.2.jar;C:\incubating-netbeans-11.0-bin\netbeans\enterprise\modules\ext\jersey2\ext\javax.inject-2.2.0-b21.jar;C:\incubating-netbeans-11.0-bin\netbeans\enterprise\modules\ext\jersey2\ext\javax.servlet-api-3.0.1.jar;C:\incubating-netbeans-11.0-bin\netbeans\enterprise\modules\ext\jersey2\ext\jaxb-api-2.2.7.jar;C:\incubating-netbeans-11.0-bin\netbeans\enterprise\modules\ext\jersey2\ext\jersey-entity-filtering-2.5.1.jar;C:\incubating-netbeans-11.0-bin\netbeans\enterprise\modules\ext\jersey2\ext\jersey-media-moxy-2.5.1.jar;C:\incubating-netbeans-11.0-bin\netbeans\enterprise\modules\ext\jersey2\ext\org.osgi.core-4.2.0.jar;C:\incubating-netbeans-11.0-bin\netbeans\enterprise\modules\ext\jersey2\ext\osgi-resource-locator-1.0.1.jar;C:\incubating-netbeans-11.0-bin\netbeans\enterprise\modules\ext\jersey2\ext\persistence-api-1.0.jar;C:\incubating-netbeans-11.0-bin\netbeans\enterprise\modules\ext\jersey2\ext\validation-api-1.1.0.Final.jar;C:\incubating-netbeans-11.0-bin\netbeans\enterprise\modules\ext\jersey2\jersey-client.jar;C:\incubating-netbeans-11.0-bin\netbeans\enterprise\modules\ext\jersey2\jersey-common.jar;C:\incubating-netbeans-11.0-bin\netbeans\enterprise\modules\ext\jersey2\jersey-container-servlet.jar;C:\incubating-netbeans-11.0-bin\netbeans\enterprise\modules\ext\jersey2\jersey-container-servlet-core.jar;C:\incubating-netbeans-11.0-bin\netbeans\enterprise\modules\ext\jersey2\jersey-server.jar" />
    <property name="apple.awt.graphics.UseQuartz" value="true" />
    <property name="run.jvmargs" value="" />
    <property name="libs.primefaces.src" value="" />
    <property name="ant.file" value="D:\Shared\3Y2S\SPM\15thFinalEval\NEW\SPM_2\build.xml" />
    <property name="libs.struts.src" value="" />
    <property name="path.separator" value=";" />
    <property name="libs.JAXB-ENDORSED.classpath" value="C:\incubating-netbeans-11.0-bin\netbeans\ide\modules\ext\jaxb\api\jaxb-api.jar" />
    <property name="libs.restlib.src" value="" />
    <property name="build.test.results.dir" value="build/test/results" />
    <property name="libs.jaxws21.javadoc" value="C:\incubating-netbeans-11.0-bin\netbeans\java\docs\jaxws-api-doc.zip" />
    <property name="libs.spring-framework400.maven-pom" value="" />
    <property name="ap.processors.internal" value="" />
    <property name="ant.file.anagrams" value="D:\Shared\3Y2S\SPM\15thFinalEval\NEW\SPM_2\build.xml" />
    <property name="module.name" value="" />
    <property name="libs.jsf12.classpath" value="C:\incubating-netbeans-11.0-bin\netbeans\enterprise\modules\ext\jsf-1_2\jsf-api.jar;C:\incubating-netbeans-11.0-bin\netbeans\enterprise\modules\ext\jsf-1_2\jsf-impl.jar" />
    <property name="libs.hamcrest.javadoc" value="" />
    <property name="libs.spring-framework400.javadoc" value="" />
    <property name="ant.file.type.SPM_2-impl" value="file" />
    <property name="libs.javac-api.src" value="" />
    <property name="do.jar" value="true" />
    <property name="java.vm.info" value="mixed mode, sharing" />
    <property name="libs.primefaces.classpath" value="C:\incubating-netbeans-11.0-bin\netbeans\enterprise\modules\ext\primefaces\primefaces-5.0.jar" />
    <property name="libs.jaxws21.maven-pom" value="" />
    <property name="run.test.classpath" value="D:\Shared\3Y2S\SPM\jfreechart-1.0.19\lib\hamcrest-core-1.3.jar:D:\Shared\3Y2S\SPM\jfreechart-1.0.19\lib\jcommon-1.0.23.jar:D:\Shared\3Y2S\SPM\jfreechart-1.0.19\lib\jfreechart-1.0.19-experimental.jar:D:\Shared\3Y2S\SPM\jfreechart-1.0.19\lib\jfreechart-1.0.19-swt.jar:D:\Shared\3Y2S\SPM\jfreechart-1.0.19\lib\jfreechart-1.0.19.jar:D:\Shared\3Y2S\SPM\jfreechart-1.0.19\lib\jfreesvg-2.0.jar:D:\Shared\3Y2S\SPM\jfreechart-1.0.19\lib\junit-4.11.jar:D:\Shared\3Y2S\SPM\jfreechart-1.0.19\lib\orsoncharts-1.4-eval-nofx.jar:D:\Shared\3Y2S\SPM\jfreechart-1.0.19\lib\orsonpdf-1.6-eval.jar:D:\Shared\3Y2S\SPM\jfreechart-1.0.19\lib\servlet.jar:D:\Shared\3Y2S\SPM\jfreechart-1.0.19\lib\swtgraphics2d.jar:D:\Shared\3Y2S\SPM\Lib\poi-bin-4.1.0-20190412\poi-4.1.0\activation-1.1.1.jar:D:\Shared\3Y2S\SPM\Lib\poi-bin-4.1.0-20190412\poi-4.1.0\commons-codec-1.12.jar:D:\Shared\3Y2S\SPM\Lib\poi-bin-4.1.0-20190412\poi-4.1.0\commons-collections4-4.3.jar:D:\Shared\3Y2S\SPM\Lib\poi-bin-4.1.0-20190412\poi-4.1.0\commons-compress-1.18.jar:D:\Shared\3Y2S\SPM\Lib\poi-bin-4.1.0-20190412\poi-4.1.0\commons-logging-1.2.jar:D:\Shared\3Y2S\SPM\Lib\poi-bin-4.1.0-20190412\poi-4.1.0\commons-math3-3.6.1.jar:D:\Shared\3Y2S\SPM\Lib\poi-bin-4.1.0-20190412\poi-4.1.0\curvesapi-1.06.jar:D:\Shared\3Y2S\SPM\Lib\poi-bin-4.1.0-20190412\poi-4.1.0\jaxb-api-2.3.0.jar:D:\Shared\3Y2S\SPM\Lib\poi-bin-4.1.0-20190412\poi-4.1.0\jaxb-core-2.3.0.1.jar:D:\Shared\3Y2S\SPM\Lib\poi-bin-4.1.0-20190412\poi-4.1.0\jaxb-impl-2.3.0.1.jar:D:\Shared\3Y2S\SPM\Lib\poi-bin-4.1.0-20190412\poi-4.1.0\junit-4.12.jar:D:\Shared\3Y2S\SPM\Lib\poi-bin-4.1.0-20190412\poi-4.1.0\log4j-1.2.17.jar:D:\Shared\3Y2S\SPM\Lib\poi-bin-4.1.0-20190412\poi-4.1.0\poi-4.1.0.jar:D:\Shared\3Y2S\SPM\Lib\poi-bin-4.1.0-20190412\poi-4.1.0\poi-examples-4.1.0.jar:D:\Shared\3Y2S\SPM\Lib\poi-bin-4.1.0-20190412\poi-4.1.0\poi-excelant-4.1.0.jar:D:\Shared\3Y2S\SPM\Lib\poi-bin-4.1.0-20190412\poi-4.1.0\poi-ooxml-4.1.0.jar:D:\Shared\3Y2S\SPM\Lib\poi-bin-4.1.0-20190412\poi-4.1.0\poi-ooxml-schemas-4.1.0.jar:D:\Shared\3Y2S\SPM\Lib\poi-bin-4.1.0-20190412\poi-4.1.0\poi-scratchpad-4.1.0.jar:D:\Shared\3Y2S\SPM\Lib\poi-bin-4.1.0-20190412\poi-4.1.0\xmlbeans-3.1.0.jar:D:\Shared\3Y2S\SPM\Lib\poi-bin-4.1.0-20190412\poi-4.1.0\lib\activation-1.1.1.jar:D:\Shared\3Y2S\SPM\Lib\poi-bin-4.1.0-20190412\poi-4.1.0\lib\commons-codec-1.12.jar:D:\Shared\3Y2S\SPM\Lib\poi-bin-4.1.0-20190412\poi-4.1.0\lib\commons-collections4-4.3.jar:D:\Shared\3Y2S\SPM\Lib\poi-bin-4.1.0-20190412\poi-4.1.0\lib\commons-compress-1.18.jar:D:\Shared\3Y2S\SPM\Lib\poi-bin-4.1.0-20190412\poi-4.1.0\lib\commons-logging-1.2.jar:D:\Shared\3Y2S\SPM\Lib\poi-bin-4.1.0-20190412\poi-4.1.0\lib\commons-math3-3.6.1.jar:D:\Shared\3Y2S\SPM\Lib\poi-bin-4.1.0-20190412\poi-4.1.0\lib\jaxb-api-2.3.0.jar:D:\Shared\3Y2S\SPM\Lib\poi-bin-4.1.0-20190412\poi-4.1.0\lib\jaxb-core-2.3.0.1.jar:D:\Shared\3Y2S\SPM\Lib\poi-bin-4.1.0-20190412\poi-4.1.0\lib\jaxb-impl-2.3.0.1.jar:D:\Shared\3Y2S\SPM\Lib\poi-bin-4.1.0-20190412\poi-4.1.0\lib\junit-4.12.jar:D:\Shared\3Y2S\SPM\Lib\poi-bin-4.1.0-20190412\poi-4.1.0\lib\log4j-1.2.17.jar:build/classes:C:\incubating-netbeans-11.0-bin\netbeans\platform\modules\ext\junit-4.12.jar:C:\incubating-netbeans-11.0-bin\netbeans\platform\modules\ext\hamcrest-core-1.3.jar:build/test/classes" />
    <property name="dist.jlink.output" value="dist/jlink/SPM_2" />
    <property name="java.class.version" value="56.0" />
    <property name="javadoc.encoding.used" value="UTF-8" />
    <property name="src.dir" value="src" />
    <property name="ant.project.default-target" value="default" />
    <property name="debug.classpath" value="D:\Shared\3Y2S\SPM\jfreechart-1.0.19\lib\hamcrest-core-1.3.jar:D:\Shared\3Y2S\SPM\jfreechart-1.0.19\lib\jcommon-1.0.23.jar:D:\Shared\3Y2S\SPM\jfreechart-1.0.19\lib\jfreechart-1.0.19-experimental.jar:D:\Shared\3Y2S\SPM\jfreechart-1.0.19\lib\jfreechart-1.0.19-swt.jar:D:\Shared\3Y2S\SPM\jfreechart-1.0.19\lib\jfreechart-1.0.19.jar:D:\Shared\3Y2S\SPM\jfreechart-1.0.19\lib\jfreesvg-2.0.jar:D:\Shared\3Y2S\SPM\jfreechart-1.0.19\lib\junit-4.11.jar:D:\Shared\3Y2S\SPM\jfreechart-1.0.19\lib\orsoncharts-1.4-eval-nofx.jar:D:\Shared\3Y2S\SPM\jfreechart-1.0.19\lib\orsonpdf-1.6-eval.jar:D:\Shared\3Y2S\SPM\jfreechart-1.0.19\lib\servlet.jar:D:\Shared\3Y2S\SPM\jfreechart-1.0.19\lib\swtgraphics2d.jar:D:\Shared\3Y2S\SPM\Lib\poi-bin-4.1.0-20190412\poi-4.1.0\activation-1.1.1.jar:D:\Shared\3Y2S\SPM\Lib\poi-bin-4.1.0-20190412\poi-4.1.0\commons-codec-1.12.jar:D:\Shared\3Y2S\SPM\Lib\poi-bin-4.1.0-20190412\poi-4.1.0\commons-collections4-4.3.jar:D:\Shared\3Y2S\SPM\Lib\poi-bin-4.1.0-20190412\poi-4.1.0\commons-compress-1.18.jar:D:\Shared\3Y2S\SPM\Lib\poi-bin-4.1.0-20190412\poi-4.1.0\commons-logging-1.2.jar:D:\Shared\3Y2S\SPM\Lib\poi-bin-4.1.0-20190412\poi-4.1.0\commons-math3-3.6.1.jar:D:\Shared\3Y2S\SPM\Lib\poi-bin-4.1.0-20190412\poi-4.1.0\curvesapi-1.06.jar:D:\Shared\3Y2S\SPM\Lib\poi-bin-4.1.0-20190412\poi-4.1.0\jaxb-api-2.3.0.jar:D:\Shared\3Y2S\SPM\Lib\poi-bin-4.1.0-20190412\poi-4.1.0\jaxb-core-2.3.0.1.jar:D:\Shared\3Y2S\SPM\Lib\poi-bin-4.1.0-20190412\poi-4.1.0\jaxb-impl-2.3.0.1.jar:D:\Shared\3Y2S\SPM\Lib\poi-bin-4.1.0-20190412\poi-4.1.0\junit-4.12.jar:D:\Shared\3Y2S\SPM\Lib\poi-bin-4.1.0-20190412\poi-4.1.0\log4j-1.2.17.jar:D:\Shared\3Y2S\SPM\Lib\poi-bin-4.1.0-20190412\poi-4.1.0\poi-4.1.0.jar:D:\Shared\3Y2S\SPM\Lib\poi-bin-4.1.0-20190412\poi-4.1.0\poi-examples-4.1.0.jar:D:\Shared\3Y2S\SPM\Lib\poi-bin-4.1.0-20190412\poi-4.1.0\poi-excelant-4.1.0.jar:D:\Shared\3Y2S\SPM\Lib\poi-bin-4.1.0-20190412\poi-4.1.0\poi-ooxml-4.1.0.jar:D:\Shared\3Y2S\SPM\Lib\poi-bin-4.1.0-20190412\poi-4.1.0\poi-ooxml-schemas-4.1.0.jar:D:\Shared\3Y2S\SPM\Lib\poi-bin-4.1.0-20190412\poi-4.1.0\poi-scratchpad-4.1.0.jar:D:\Shared\3Y2S\SPM\Lib\poi-bin-4.1.0-20190412\poi-4.1.0\xmlbeans-3.1.0.jar:D:\Shared\3Y2S\SPM\Lib\poi-bin-4.1.0-20190412\poi-4.1.0\lib\activation-1.1.1.jar:D:\Shared\3Y2S\SPM\Lib\poi-bin-4.1.0-20190412\poi-4.1.0\lib\commons-codec-1.12.jar:D:\Shared\3Y2S\SPM\Lib\poi-bin-4.1.0-20190412\poi-4.1.0\lib\commons-collections4-4.3.jar:D:\Shared\3Y2S\SPM\Lib\poi-bin-4.1.0-20190412\poi-4.1.0\lib\commons-compress-1.18.jar:D:\Shared\3Y2S\SPM\Lib\poi-bin-4.1.0-20190412\poi-4.1.0\lib\commons-logging-1.2.jar:D:\Shared\3Y2S\SPM\Lib\poi-bin-4.1.0-20190412\poi-4.1.0\lib\commons-math3-3.6.1.jar:D:\Shared\3Y2S\SPM\Lib\poi-bin-4.1.0-20190412\poi-4.1.0\lib\jaxb-api-2.3.0.jar:D:\Shared\3Y2S\SPM\Lib\poi-bin-4.1.0-20190412\poi-4.1.0\lib\jaxb-core-2.3.0.1.jar:D:\Shared\3Y2S\SPM\Lib\poi-bin-4.1.0-20190412\poi-4.1.0\lib\jaxb-impl-2.3.0.1.jar:D:\Shared\3Y2S\SPM\Lib\poi-bin-4.1.0-20190412\poi-4.1.0\lib\junit-4.12.jar:D:\Shared\3Y2S\SPM\Lib\poi-bin-4.1.0-20190412\poi-4.1.0\lib\log4j-1.2.17.jar:build/classes" />
    <property name="excludes" value="" />
    <property name="libs.javaee-api-7.0.src" value="" />
    <property name="sun.jnu.encoding" value="Cp1252" />
    <property name="libs.junit_4.javadoc" value="C:\incubating-netbeans-11.0-bin\netbeans\platform\docs\junit-4.12-javadoc.jar" />
    <property name="run.test.jvmargs" value="" />
    <property name="libs.spring-webmvc4.0.src" value="" />
    <property name="sun.java2d.dpiaware" value="true" />
    <property name="main.class.available" value="true" />
    <property name="libs.jsf20.javadoc" value="C:\incubating-netbeans-11.0-bin\netbeans\enterprise\docs\javaee-doc-api.jar" />
    <property name="libs.JAVADB_DRIVER_LABEL.classpath" value="C:\Program Files\Java\jdk1.8.0_141\db\lib\derby.jar;C:\Program Files\Java\jdk1.8.0_141\db\lib\derbyclient.jar;C:\Program Files\Java\jdk1.8.0_141\db\lib\derbynet.jar" />
    <property name="netbeans.importclass" value="org.netbeans.upgrade.AutoUpgrade" />
    <property name="netbeans.autoupdate.version" value="1.23" />
    <property name="empty.dir" value="D:\Shared\3Y2S\SPM\15thFinalEval\NEW\SPM_2\build\empty" />
    <property name="netbeans.user" value="C:\Users\KHN\AppData\Roaming\NetBeans\11.0" />
    <property name="javac.includes.binary" value="D:\Shared\3Y2S\SPM\15thFinalEval\NEW\SPM_2\build\test\classes\WordTest\UITest.class" />
    <property name="file.reference.commons-logging-1.2.jar-1" value="D:\Shared\3Y2S\SPM\Lib\poi-bin-4.1.0-20190412\poi-4.1.0\lib\commons-logging-1.2.jar" />
    <property name="file.separator" value="\" />
    <property name="line.separator" value="&#xd;&#xa;" />
    <property name="javadoc.additionalparam" value="" />
    <property name="file.reference.activation-1.1.1.jar" value="D:\Shared\3Y2S\SPM\Lib\poi-bin-4.1.0-20190412\poi-4.1.0\activation-1.1.1.jar" />
    <property name="file.reference.poi-examples-4.1.0.jar" value="D:\Shared\3Y2S\SPM\Lib\poi-bin-4.1.0-20190412\poi-4.1.0\poi-examples-4.1.0.jar" />
    <property name="ant.file.type.anagrams" value="file" />
    <property name="javac.debug" value="true" />
    <property name="libs.restlib.maven-pom" value="" />
    <property name="libs.testng.classpath" value="C:\incubating-netbeans-11.0-bin\netbeans\platform\modules\ext\testng-6.8.1-dist.jar" />
    <property name="libs.jsp-compiler.src" value="" />
    <property name="user.name" value="KHN" />
    <property name="libs.maven-dependencies.javadoc" value="C:\incubating-netbeans-11.0-bin\netbeans\enterprise\docs\javaee-doc-api.jar" />
    <property name="build.classes.dir" value="build/classes" />
    <property name="javadoc.windowtitle" value="Anagrams Game" />
    <property name="nb.junit.single" value="false" />
    <property name="nb.internal.action.name" value="run.single" />
    <property name="libs.jaxws21.src" value="" />
    <property name="libs.maven-dependencies.classpath" value="C:\incubating-netbeans-11.0-bin\netbeans\enterprise\modules\ext\javaee6-endorsed\javax.annotation.jar;C:\incubating-netbeans-11.0-bin\netbeans\enterprise\modules\ext\javaee6-endorsed\jaxb-api-osgi.jar;C:\incubating-netbeans-11.0-bin\netbeans\enterprise\modules\ext\javaee6-endorsed\webservices-api-osgi.jar" />
    <property name="jna.loaded" value="true" />
    <property name="libs.junit_5.maven-pom" value="" />
    <property name="libs.jpa20-persistence.javadoc" value="" />
    <property name="ant.junit.enabletestlistenerevents" value="true" />
    <property name="libs.JWSAntTasks.src" value="" />
    <property name="libs.spring-webmvc3.0.src" value="" />
    <property name="ant.home" value="C:\incubating-netbeans-11.0-bin\netbeans\extide\ant" />
    <property name="debug.test.classpath" value="D:\Shared\3Y2S\SPM\jfreechart-1.0.19\lib\hamcrest-core-1.3.jar:D:\Shared\3Y2S\SPM\jfreechart-1.0.19\lib\jcommon-1.0.23.jar:D:\Shared\3Y2S\SPM\jfreechart-1.0.19\lib\jfreechart-1.0.19-experimental.jar:D:\Shared\3Y2S\SPM\jfreechart-1.0.19\lib\jfreechart-1.0.19-swt.jar:D:\Shared\3Y2S\SPM\jfreechart-1.0.19\lib\jfreechart-1.0.19.jar:D:\Shared\3Y2S\SPM\jfreechart-1.0.19\lib\jfreesvg-2.0.jar:D:\Shared\3Y2S\SPM\jfreechart-1.0.19\lib\junit-4.11.jar:D:\Shared\3Y2S\SPM\jfreechart-1.0.19\lib\orsoncharts-1.4-eval-nofx.jar:D:\Shared\3Y2S\SPM\jfreechart-1.0.19\lib\orsonpdf-1.6-eval.jar:D:\Shared\3Y2S\SPM\jfreechart-1.0.19\lib\servlet.jar:D:\Shared\3Y2S\SPM\jfreechart-1.0.19\lib\swtgraphics2d.jar:D:\Shared\3Y2S\SPM\Lib\poi-bin-4.1.0-20190412\poi-4.1.0\activation-1.1.1.jar:D:\Shared\3Y2S\SPM\Lib\poi-bin-4.1.0-20190412\poi-4.1.0\commons-codec-1.12.jar:D:\Shared\3Y2S\SPM\Lib\poi-bin-4.1.0-20190412\poi-4.1.0\commons-collections4-4.3.jar:D:\Shared\3Y2S\SPM\Lib\poi-bin-4.1.0-20190412\poi-4.1.0\commons-compress-1.18.jar:D:\Shared\3Y2S\SPM\Lib\poi-bin-4.1.0-20190412\poi-4.1.0\commons-logging-1.2.jar:D:\Shared\3Y2S\SPM\Lib\poi-bin-4.1.0-20190412\poi-4.1.0\commons-math3-3.6.1.jar:D:\Shared\3Y2S\SPM\Lib\poi-bin-4.1.0-20190412\poi-4.1.0\curvesapi-1.06.jar:D:\Shared\3Y2S\SPM\Lib\poi-bin-4.1.0-20190412\poi-4.1.0\jaxb-api-2.3.0.jar:D:\Shared\3Y2S\SPM\Lib\poi-bin-4.1.0-20190412\poi-4.1.0\jaxb-core-2.3.0.1.jar:D:\Shared\3Y2S\SPM\Lib\poi-bin-4.1.0-20190412\poi-4.1.0\jaxb-impl-2.3.0.1.jar:D:\Shared\3Y2S\SPM\Lib\poi-bin-4.1.0-20190412\poi-4.1.0\junit-4.12.jar:D:\Shared\3Y2S\SPM\Lib\poi-bin-4.1.0-20190412\poi-4.1.0\log4j-1.2.17.jar:D:\Shared\3Y2S\SPM\Lib\poi-bin-4.1.0-20190412\poi-4.1.0\poi-4.1.0.jar:D:\Shared\3Y2S\SPM\Lib\poi-bin-4.1.0-20190412\poi-4.1.0\poi-examples-4.1.0.jar:D:\Shared\3Y2S\SPM\Lib\poi-bin-4.1.0-20190412\poi-4.1.0\poi-excelant-4.1.0.jar:D:\Shared\3Y2S\SPM\Lib\poi-bin-4.1.0-20190412\poi-4.1.0\poi-ooxml-4.1.0.jar:D:\Shared\3Y2S\SPM\Lib\poi-bin-4.1.0-20190412\poi-4.1.0\poi-ooxml-schemas-4.1.0.jar:D:\Shared\3Y2S\SPM\Lib\poi-bin-4.1.0-20190412\poi-4.1.0\poi-scratchpad-4.1.0.jar:D:\Shared\3Y2S\SPM\Lib\poi-bin-4.1.0-20190412\poi-4.1.0\xmlbeans-3.1.0.jar:D:\Shared\3Y2S\SPM\Lib\poi-bin-4.1.0-20190412\poi-4.1.0\lib\activation-1.1.1.jar:D:\Shared\3Y2S\SPM\Lib\poi-bin-4.1.0-20190412\poi-4.1.0\lib\commons-codec-1.12.jar:D:\Shared\3Y2S\SPM\Lib\poi-bin-4.1.0-20190412\poi-4.1.0\lib\commons-collections4-4.3.jar:D:\Shared\3Y2S\SPM\Lib\poi-bin-4.1.0-20190412\poi-4.1.0\lib\commons-compress-1.18.jar:D:\Shared\3Y2S\SPM\Lib\poi-bin-4.1.0-20190412\poi-4.1.0\lib\commons-logging-1.2.jar:D:\Shared\3Y2S\SPM\Lib\poi-bin-4.1.0-20190412\poi-4.1.0\lib\commons-math3-3.6.1.jar:D:\Shared\3Y2S\SPM\Lib\poi-bin-4.1.0-20190412\poi-4.1.0\lib\jaxb-api-2.3.0.jar:D:\Shared\3Y2S\SPM\Lib\poi-bin-4.1.0-20190412\poi-4.1.0\lib\jaxb-core-2.3.0.1.jar:D:\Shared\3Y2S\SPM\Lib\poi-bin-4.1.0-20190412\poi-4.1.0\lib\jaxb-impl-2.3.0.1.jar:D:\Shared\3Y2S\SPM\Lib\poi-bin-4.1.0-20190412\poi-4.1.0\lib\junit-4.12.jar:D:\Shared\3Y2S\SPM\Lib\poi-bin-4.1.0-20190412\poi-4.1.0\lib\log4j-1.2.17.jar:build/classes:C:\incubating-netbeans-11.0-bin\netbeans\platform\modules\ext\junit-4.12.jar:C:\incubating-netbeans-11.0-bin\netbeans\platform\modules\ext\hamcrest-core-1.3.jar:build/test/classes" />
    <property name="have.tests" value="true" />
    <property name="javac.external.vm" value="false" />
    <property name="testng.debug.mode" value="" />
    <property name="javac.target" value="12" />
    <property name="ant.version" value="Apache Ant(TM) version 1.10.4 compiled on June 19 2018" />
    <property name="libs.absolutelayout.maven-pom" value="" />
    <property name="jdk.gtk.version" value="2.2" />
    <property name="java.failonerror" value="true" />
    <property name="javac.modulepath" value="" />
    <property name="user.properties.file" value="C:\Users\KHN\AppData\Roaming\NetBeans\11.0\build.properties" />
    <property name="libs.javaee-api-6.0.src" value="" />
    <property name="javac.includes" value="WordTest/UITest.java" />
    <property name="netbeans.autoupdate.country" value="US" />
    <property name="java.class.path" value="D:\Shared\3Y2S\SPM\jfreechart-1.0.19\lib\hamcrest-core-1.3.jar;D:\Shared\3Y2S\SPM\jfreechart-1.0.19\lib\jcommon-1.0.23.jar;D:\Shared\3Y2S\SPM\jfreechart-1.0.19\lib\jfreechart-1.0.19-experimental.jar;D:\Shared\3Y2S\SPM\jfreechart-1.0.19\lib\jfreechart-1.0.19-swt.jar;D:\Shared\3Y2S\SPM\jfreechart-1.0.19\lib\jfreechart-1.0.19.jar;D:\Shared\3Y2S\SPM\jfreechart-1.0.19\lib\jfreesvg-2.0.jar;D:\Shared\3Y2S\SPM\jfreechart-1.0.19\lib\junit-4.11.jar;D:\Shared\3Y2S\SPM\jfreechart-1.0.19\lib\orsoncharts-1.4-eval-nofx.jar;D:\Shared\3Y2S\SPM\jfreechart-1.0.19\lib\orsonpdf-1.6-eval.jar;D:\Shared\3Y2S\SPM\jfreechart-1.0.19\lib\servlet.jar;D:\Shared\3Y2S\SPM\jfreechart-1.0.19\lib\swtgraphics2d.jar;D:\Shared\3Y2S\SPM\Lib\poi-bin-4.1.0-20190412\poi-4.1.0\activation-1.1.1.jar;D:\Shared\3Y2S\SPM\Lib\poi-bin-4.1.0-20190412\poi-4.1.0\commons-codec-1.12.jar;D:\Shared\3Y2S\SPM\Lib\poi-bin-4.1.0-20190412\poi-4.1.0\commons-collections4-4.3.jar;D:\Shared\3Y2S\SPM\Lib\poi-bin-4.1.0-20190412\poi-4.1.0\commons-compress-1.18.jar;D:\Shared\3Y2S\SPM\Lib\poi-bin-4.1.0-20190412\poi-4.1.0\commons-logging-1.2.jar;D:\Shared\3Y2S\SPM\Lib\poi-bin-4.1.0-20190412\poi-4.1.0\commons-math3-3.6.1.jar;D:\Shared\3Y2S\SPM\Lib\poi-bin-4.1.0-20190412\poi-4.1.0\curvesapi-1.06.jar;D:\Shared\3Y2S\SPM\Lib\poi-bin-4.1.0-20190412\poi-4.1.0\jaxb-api-2.3.0.jar;D:\Shared\3Y2S\SPM\Lib\poi-bin-4.1.0-20190412\poi-4.1.0\jaxb-core-2.3.0.1.jar;D:\Shared\3Y2S\SPM\Lib\poi-bin-4.1.0-20190412\poi-4.1.0\jaxb-impl-2.3.0.1.jar;D:\Shared\3Y2S\SPM\Lib\poi-bin-4.1.0-20190412\poi-4.1.0\junit-4.12.jar;D:\Shared\3Y2S\SPM\Lib\poi-bin-4.1.0-20190412\poi-4.1.0\log4j-1.2.17.jar;D:\Shared\3Y2S\SPM\Lib\poi-bin-4.1.0-20190412\poi-4.1.0\poi-4.1.0.jar;D:\Shared\3Y2S\SPM\Lib\poi-bin-4.1.0-20190412\poi-4.1.0\poi-examples-4.1.0.jar;D:\Shared\3Y2S\SPM\Lib\poi-bin-4.1.0-20190412\poi-4.1.0\poi-excelant-4.1.0.jar;D:\Shared\3Y2S\SPM\Lib\poi-bin-4.1.0-20190412\poi-4.1.0\poi-ooxml-4.1.0.jar;D:\Shared\3Y2S\SPM\Lib\poi-bin-4.1.0-20190412\poi-4.1.0\poi-ooxml-schemas-4.1.0.jar;D:\Shared\3Y2S\SPM\Lib\poi-bin-4.1.0-20190412\poi-4.1.0\poi-scratchpad-4.1.0.jar;D:\Shared\3Y2S\SPM\Lib\poi-bin-4.1.0-20190412\poi-4.1.0\xmlbeans-3.1.0.jar;D:\Shared\3Y2S\SPM\Lib\poi-bin-4.1.0-20190412\poi-4.1.0\lib\activation-1.1.1.jar;D:\Shared\3Y2S\SPM\Lib\poi-bin-4.1.0-20190412\poi-4.1.0\lib\commons-codec-1.12.jar;D:\Shared\3Y2S\SPM\Lib\poi-bin-4.1.0-20190412\poi-4.1.0\lib\commons-collections4-4.3.jar;D:\Shared\3Y2S\SPM\Lib\poi-bin-4.1.0-20190412\poi-4.1.0\lib\commons-compress-1.18.jar;D:\Shared\3Y2S\SPM\Lib\poi-bin-4.1.0-20190412\poi-4.1.0\lib\commons-logging-1.2.jar;D:\Shared\3Y2S\SPM\Lib\poi-bin-4.1.0-20190412\poi-4.1.0\lib\commons-math3-3.6.1.jar;D:\Shared\3Y2S\SPM\Lib\poi-bin-4.1.0-20190412\poi-4.1.0\lib\jaxb-api-2.3.0.jar;D:\Shared\3Y2S\SPM\Lib\poi-bin-4.1.0-20190412\poi-4.1.0\lib\jaxb-core-2.3.0.1.jar;D:\Shared\3Y2S\SPM\Lib\poi-bin-4.1.0-20190412\poi-4.1.0\lib\jaxb-impl-2.3.0.1.jar;D:\Shared\3Y2S\SPM\Lib\poi-bin-4.1.0-20190412\poi-4.1.0\lib\junit-4.12.jar;D:\Shared\3Y2S\SPM\Lib\poi-bin-4.1.0-20190412\poi-4.1.0\lib\log4j-1.2.17.jar;D:\Shared\3Y2S\SPM\15thFinalEval\NEW\SPM_2\build\classes;C:\incubating-netbeans-11.0-bin\netbeans\platform\modules\ext\junit-4.12.jar;C:\incubating-netbeans-11.0-bin\netbeans\platform\modules\ext\hamcrest-core-1.3.jar;D:\Shared\3Y2S\SPM\15thFinalEval\NEW\SPM_2\build\test\classes;C:\incubating-netbeans-11.0-bin\netbeans\extide\ant\lib\ant-launcher.jar;C:\incubating-netbeans-11.0-bin\netbeans\extide\ant\lib\ant.jar;C:\incubating-netbeans-11.0-bin\netbeans\extide\ant\lib\ant-junit.jar;C:\incubating-netbeans-11.0-bin\netbeans\extide\ant\lib\ant-junit4.jar" />
    <property name="libs.javaee-web-api-6.0.maven-pom" value="" />
    <property name="java.vm.vendor" value="Oracle Corporation" />
    <property name="ap.supported.internal" value="true" />
    <property name="user.variant" value="" />
    <property name="netbeans.home+have.tests" value="true" />
    <property name="file.reference.jfreechart-1.0.19.jar" value="D:\Shared\3Y2S\SPM\jfreechart-1.0.19\lib\jfreechart-1.0.19.jar" />
    <property name="test.binaryexcludes" value="" />
    <property name="javac.compilerargs" value="" />
    <property name="libs.jstl.maven-pom" value="" />
    <property name="sun.cpu.endian" value="little" />
    <property name="libs.junit_4.src" value="C:\incubating-netbeans-11.0-bin\netbeans\platform\docs\junit-4.12-sources.jar" />
    <property name="user.language" value="en" />
    <property name="copylibs.rebase" value="true" />
    <property name="libs.javaee-web-api-6.0.src" value="" />
    <property name="javadoc.nonavbar" value="false" />
    <property name="ant.java.version" value="12" />
    <property name="libs.junit_4.classpath" value="C:\incubating-netbeans-11.0-bin\netbeans\platform\modules\ext\junit-4.12.jar" />
    <property name="ant.file.SPM_2-impl" value="D:\Shared\3Y2S\SPM\15thFinalEval\NEW\SPM_2\nbproject\build-impl.xml" />
    <property name="jlink.launcher.name" value="SPM_2" />
    <property name="test.binarytestincludes" value="" />
    <property name="sun.awt.keepWorkingSetOnMinimize" value="true" />
    <property name="libs.junit_4.maven-pom" value="" />
    <property name="libs.jsp-compiler.maven-pom" value="" />
    <property name="runtime.encoding" value="UTF-8" />
    <property name="javac.classpath" value="D:\Shared\3Y2S\SPM\jfreechart-1.0.19\lib\hamcrest-core-1.3.jar:D:\Shared\3Y2S\SPM\jfreechart-1.0.19\lib\jcommon-1.0.23.jar:D:\Shared\3Y2S\SPM\jfreechart-1.0.19\lib\jfreechart-1.0.19-experimental.jar:D:\Shared\3Y2S\SPM\jfreechart-1.0.19\lib\jfreechart-1.0.19-swt.jar:D:\Shared\3Y2S\SPM\jfreechart-1.0.19\lib\jfreechart-1.0.19.jar:D:\Shared\3Y2S\SPM\jfreechart-1.0.19\lib\jfreesvg-2.0.jar:D:\Shared\3Y2S\SPM\jfreechart-1.0.19\lib\junit-4.11.jar:D:\Shared\3Y2S\SPM\jfreechart-1.0.19\lib\orsoncharts-1.4-eval-nofx.jar:D:\Shared\3Y2S\SPM\jfreechart-1.0.19\lib\orsonpdf-1.6-eval.jar:D:\Shared\3Y2S\SPM\jfreechart-1.0.19\lib\servlet.jar:D:\Shared\3Y2S\SPM\jfreechart-1.0.19\lib\swtgraphics2d.jar:D:\Shared\3Y2S\SPM\Lib\poi-bin-4.1.0-20190412\poi-4.1.0\activation-1.1.1.jar:D:\Shared\3Y2S\SPM\Lib\poi-bin-4.1.0-20190412\poi-4.1.0\commons-codec-1.12.jar:D:\Shared\3Y2S\SPM\Lib\poi-bin-4.1.0-20190412\poi-4.1.0\commons-collections4-4.3.jar:D:\Shared\3Y2S\SPM\Lib\poi-bin-4.1.0-20190412\poi-4.1.0\commons-compress-1.18.jar:D:\Shared\3Y2S\SPM\Lib\poi-bin-4.1.0-20190412\poi-4.1.0\commons-logging-1.2.jar:D:\Shared\3Y2S\SPM\Lib\poi-bin-4.1.0-20190412\poi-4.1.0\commons-math3-3.6.1.jar:D:\Shared\3Y2S\SPM\Lib\poi-bin-4.1.0-20190412\poi-4.1.0\curvesapi-1.06.jar:D:\Shared\3Y2S\SPM\Lib\poi-bin-4.1.0-20190412\poi-4.1.0\jaxb-api-2.3.0.jar:D:\Shared\3Y2S\SPM\Lib\poi-bin-4.1.0-20190412\poi-4.1.0\jaxb-core-2.3.0.1.jar:D:\Shared\3Y2S\SPM\Lib\poi-bin-4.1.0-20190412\poi-4.1.0\jaxb-impl-2.3.0.1.jar:D:\Shared\3Y2S\SPM\Lib\poi-bin-4.1.0-20190412\poi-4.1.0\junit-4.12.jar:D:\Shared\3Y2S\SPM\Lib\poi-bin-4.1.0-20190412\poi-4.1.0\log4j-1.2.17.jar:D:\Shared\3Y2S\SPM\Lib\poi-bin-4.1.0-20190412\poi-4.1.0\poi-4.1.0.jar:D:\Shared\3Y2S\SPM\Lib\poi-bin-4.1.0-20190412\poi-4.1.0\poi-examples-4.1.0.jar:D:\Shared\3Y2S\SPM\Lib\poi-bin-4.1.0-20190412\poi-4.1.0\poi-excelant-4.1.0.jar:D:\Shared\3Y2S\SPM\Lib\poi-bin-4.1.0-20190412\poi-4.1.0\poi-ooxml-4.1.0.jar:D:\Shared\3Y2S\SPM\Lib\poi-bin-4.1.0-20190412\poi-4.1.0\poi-ooxml-schemas-4.1.0.jar:D:\Shared\3Y2S\SPM\Lib\poi-bin-4.1.0-20190412\poi-4.1.0\poi-scratchpad-4.1.0.jar:D:\Shared\3Y2S\SPM\Lib\poi-bin-4.1.0-20190412\poi-4.1.0\xmlbeans-3.1.0.jar:D:\Shared\3Y2S\SPM\Lib\poi-bin-4.1.0-20190412\poi-4.1.0\lib\activation-1.1.1.jar:D:\Shared\3Y2S\SPM\Lib\poi-bin-4.1.0-20190412\poi-4.1.0\lib\commons-codec-1.12.jar:D:\Shared\3Y2S\SPM\Lib\poi-bin-4.1.0-20190412\poi-4.1.0\lib\commons-collections4-4.3.jar:D:\Shared\3Y2S\SPM\Lib\poi-bin-4.1.0-20190412\poi-4.1.0\lib\commons-compress-1.18.jar:D:\Shared\3Y2S\SPM\Lib\poi-bin-4.1.0-20190412\poi-4.1.0\lib\commons-logging-1.2.jar:D:\Shared\3Y2S\SPM\Lib\poi-bin-4.1.0-20190412\poi-4.1.0\lib\commons-math3-3.6.1.jar:D:\Shared\3Y2S\SPM\Lib\poi-bin-4.1.0-20190412\poi-4.1.0\lib\jaxb-api-2.3.0.jar:D:\Shared\3Y2S\SPM\Lib\poi-bin-4.1.0-20190412\poi-4.1.0\lib\jaxb-core-2.3.0.1.jar:D:\Shared\3Y2S\SPM\Lib\poi-bin-4.1.0-20190412\poi-4.1.0\lib\jaxb-impl-2.3.0.1.jar:D:\Shared\3Y2S\SPM\Lib\poi-bin-4.1.0-20190412\poi-4.1.0\lib\junit-4.12.jar:D:\Shared\3Y2S\SPM\Lib\poi-bin-4.1.0-20190412\poi-4.1.0\lib\log4j-1.2.17.jar" />
    <property name="dist.jlink.dir" value="dist/jlink" />
    <property name="nb.junit.batch" value="true" />
    <property name="file.reference.commons-collections4-4.3.jar" value="D:\Shared\3Y2S\SPM\Lib\poi-bin-4.1.0-20190412\poi-4.1.0\commons-collections4-4.3.jar" />
    <property name="libs.JAVADB_DRIVER_LABEL.maven-pom" value="" />
    <property name="build.test.classes.dir" value="build/test/classes" />
    <property name="libs.spring-framework300.maven-pom" value="" />
    <property name="ant.project.invoked-targets" value="test-single" />
    <property name="libs.jstl.classpath" value="C:\incubating-netbeans-11.0-bin\netbeans\enterprise\modules\ext\jstl-impl.jar;C:\incubating-netbeans-11.0-bin\netbeans\enterprise\modules\ext\jstl-api.jar" />
    <property name="ap.cmd.line.internal" value="" />
    <property name="libs.PostgreSQLDriver.src" value="" />
    <property name="java.vendor.url.bug" value="https://bugreport.java.com/bugreport/" />
    <property name="user.dir" value="D:\Shared\3Y2S\SPM\15thFinalEval\NEW\SPM_2" />
    <property name="platform.java" value="C:\JDK11/bin/java" />
    <property name="application.args" value="" />
    <property name="org.xml.sax.driver" value="com.sun.org.apache.xerces.internal.jaxp.SAXParserImpl$JAXPSAXParser" />
    <property name="libs.eclipselink.src" value="" />
    <property name="java.vm.version" value="12.0.2+10" />
    <property name="libs.metro.javadoc" value="C:\incubating-netbeans-11.0-bin\netbeans\enterprise\docs\webservices-api-javadoc.jar;C:\incubating-netbeans-11.0-bin\netbeans\enterprise\docs\webservices-extra-javadoc.jar;C:\incubating-netbeans-11.0-bin\netbeans\enterprise\docs\webservices-extra-api-javadoc.jar;C:\incubating-netbeans-11.0-bin\netbeans\enterprise\docs\webservices-rt-javadoc.jar;C:\incubating-netbeans-11.0-bin\netbeans\enterprise\docs\webservices-tools-javadoc.jar" />
    <property name="sun.awt.datatransfer.timeout" value="1000" />
    <property name="test.class" value="WordTest.UITest" />
    <property name="junit.forkmode" value="perTest" />
    <property name="annotation.processing.run.all.processors" value="true" />
    <property name="libs.javaee-web-api-7.0.src" value="" />
    <property name="libs.jsp-compiler.classpath" value="C:\incubating-netbeans-11.0-bin\netbeans\enterprise\ant\extra\jspcompile.jar" />
  </properties>
  <testcase classname="WordTest.UITest" name="testCalcCnc" time="0.617" />
  <testcase classname="WordTest.UITest" name="testCalCtc" time="0.046" />
  <testcase classname="WordTest.UITest" name="testCalcCs" time="0.052" />
  <system-out><![CDATA[Test of calcCnc method
public
class
FibonacciMain
{
public
static
long
fibonacci(long
number)
{








if
((number
==
0)
||
(number
==
1))
{
//
base
cases












return
number;








}
		else
{












//
recursion
step












return
fibonacci(number
-
1)
+
fibonacci(number
-
2);








}




}
public
static
void
main(String
args[])
{








for
(int
count
=
0;
count
<=
10;
count++)
{












System.out.println("if
Fibonacci
of
"
+
count
+
"
is
"+
fibonacci(count));








}




}
}
Test of calCtc method
Test of calcCs method
]]></system-out>
  <system-err><![CDATA[]]></system-err>
</testsuite>
